#
# A fatal error has been detected by the Java Runtime Environment:
#
#  Internal Error (jvmciRuntime.cpp:1609), pid=19, tid=34
#  fatal error: Fatal exception in JVMCI: Error calling jdk.vm.ci.services.Services.serializeSavedProperties
#
# JRE version: OpenJDK Runtime Environment GraalVM CE 22.3.0 (17.0.5+8) (build 17.0.5+8-jvmci-22.3-b08)
# Java VM: OpenJDK 64-Bit Server VM GraalVM CE 22.3.0 (17.0.5+8-jvmci-22.3-b08, mixed mode, sharing, tiered, jvmci, jvmci compiler, compressed oops, compressed class ptrs, parallel gc, linux-amd64)
# Problematic frame:
# V  [libjvm.so+0x972714]  JVMCIRuntime::fatal_exception(JVMCIEnv*, char const*)+0x74
#
# Core dump will be written. Default location: Core dumps may be processed with "/usr/share/apport/apport -p%p -s%s -c%c -d%d -P%P -u%u -g%g -- %E" (or dumping to /home/runner/Funcoes/core.19)
#
# If you would like to submit a bug report, please visit:
#   https://github.com/oracle/graal/issues
#

---------------  S U M M A R Y ------------

Command Line: -XX:ThreadPriorityPolicy=1 -XX:+UnlockExperimentalVMOptions -XX:+EnableJVMCIProduct -XX:JVMCIThreadsPerNativeLibraryRuntime=1 -XX:-UnlockExperimentalVMOptions -Declipse.application=org.eclipse.jdt.ls.core.id1 -Dosgi.bundles.defaultStartLevel=4 -Declipse.product=org.eclipse.jdt.ls.core.product -Dlog.level=ALL -Xverify:none -XX:+UseParallelGC -XX:GCTimeRatio=4 -XX:AdaptiveSizePolicyWeight=90 -Dsun.zip.disableMemoryMapping=true -Xmx512m -Xms100m /nix/store/m6gcpi1ii6rghy04cjwjddcavv7i90df-jdt-language-server-1.9.0/share/java/plugins/org.eclipse.equinox.launcher_1.6.400.v20210924-0641.jar --add-modules=ALL-SYSTEM --add-opens java.base/java.util=ALL-UNNAMED --add-opens java.base/java.lang=ALL-UNNAMED -configuration /home/runner/.cache/jdt-language-server/config -data /home/runner/.cache/jdt-language-server/data/home/runner/Funcoes

Host: AMD EPYC 7B12, 8 cores, 1G, Ubuntu 20.04.2 LTS
Time: Fri Feb 17 13:00:18 2023 UTC elapsed time: 1096.569661 seconds (0d 0h 18m 16s)

---------------  T H R E A D  ---------------

Current thread (0x00007f08840b21e0):  JavaThread "JVMCI-native CompilerThread0" daemon [_thread_in_vm, id=34, stack(0x00007f086aa00000,0x00007f086ac00000)]


Current CompileTask:
JVMCI-native:1096569 9840       4       java.lang.Class::getPackageName (81 bytes)

Stack: [0x00007f086aa00000,0x00007f086ac00000],  sp=0x00007f086abfe380,  free space=2040k
Native frames: (J=compiled Java code, j=interpreted, Vv=VM code, C=native code)
V  [libjvm.so+0x972714]  JVMCIRuntime::fatal_exception(JVMCIEnv*, char const*)+0x74
V  [libjvm.so+0x93e2fe]  JVMCIEnv::copy_saved_properties()+0x14e
V  [libjvm.so+0x9732a9]  JVMCIRuntime::initialize(JVMCIEnv*)+0xb19
V  [libjvm.so+0x9738a2]  JVMCIRuntime::get_HotSpotJVMCIRuntime(JVMCIEnv*)+0x12
V  [libjvm.so+0x9749f2]  JVMCIRuntime::compile_method(JVMCIEnv*, JVMCICompiler*, methodHandle const&, int)+0xd2
V  [libjvm.so+0x5b0d20]  CompileBroker::invoke_compiler_on_method(CompileTask*)+0x1470
V  [libjvm.so+0x5b12e8]  CompileBroker::compiler_thread_loop()+0x528
V  [libjvm.so+0xd82460]  JavaThread::thread_main_inner()+0xd0
V  [libjvm.so+0xd85a40]  Thread::call_run()+0xc0
V  [libjvm.so+0xbdb1e1]  thread_native_entry(Thread*)+0xe1

Register to memory mapping:

RAX=0x00007f088a6cc000 points into unknown readable memory: 0x0000000000000058 | 58 00 00 00 00 00 00 00
RBX=0x00007f088b7c7398: <offset 0x0000000000ef5398> in /nix/store/gpxl5qgg8kicmcvivwmybwjlpf7wh20l-graalvm17-ce-22.3.0/lib/server/libjvm.so at 0x00007f088a8d2000
RCX=0x00007f088b77f1e8: <offset 0x0000000000ead1e8> in /nix/store/gpxl5qgg8kicmcvivwmybwjlpf7wh20l-graalvm17-ce-22.3.0/lib/server/libjvm.so at 0x00007f088a8d2000
RDX=0x0000000000000649 is an unknown value
RSP=0x00007f086abfe380 is pointing into the stack for thread: 0x00007f08840b21e0
RBP=0x00007f086abfe3a0 is pointing into the stack for thread: 0x00007f08840b21e0
RSI=0x00007f088b7c7c48: <offset 0x0000000000ef5c48> in /nix/store/gpxl5qgg8kicmcvivwmybwjlpf7wh20l-graalvm17-ce-22.3.0/lib/server/libjvm.so at 0x00007f088a8d2000
RDI=0x00000000e0000000 is an oop: [B 
{0x00000000e0000000} - klass: {type array byte}
 - length: 62
R8 =0x00007f088b7c7398: <offset 0x0000000000ef5398> in /nix/store/gpxl5qgg8kicmcvivwmybwjlpf7wh20l-graalvm17-ce-22.3.0/lib/server/libjvm.so at 0x00007f088a8d2000
R9 =0x0000000000000003 is an unknown value
R10=0x00007f088bb18da0: <offset 0x0000000001246da0> in /nix/store/gpxl5qgg8kicmcvivwmybwjlpf7wh20l-graalvm17-ce-22.3.0/lib/server/libjvm.so at 0x00007f088a8d2000
R11=0x000000080044f048 is pointing into metadata
R12=0x0 is NULL
R13=0x00007f08840b21e0 is a thread
R14=0x00007f0884000b80 points into unknown readable memory: 0x00007f088b9f8a38 | 38 8a 9f 8b 08 7f 00 00
R15=0x00007f088bb06e40: <offset 0x0000000001234e40> in /nix/store/gpxl5qgg8kicmcvivwmybwjlpf7wh20l-graalvm17-ce-22.3.0/lib/server/libjvm.so at 0x00007f088a8d2000


Registers:
RAX=0x00007f088a6cc000, RBX=0x00007f088b7c7398, RCX=0x00007f088b77f1e8, RDX=0x0000000000000649
RSP=0x00007f086abfe380, RBP=0x00007f086abfe3a0, RSI=0x00007f088b7c7c48, RDI=0x00000000e0000000
R8 =0x00007f088b7c7398, R9 =0x0000000000000003, R10=0x00007f088bb18da0, R11=0x000000080044f048
R12=0x0000000000000000, R13=0x00007f08840b21e0, R14=0x00007f0884000b80, R15=0x00007f088bb06e40
RIP=0x00007f088b244714, EFLAGS=0x0000000000010206, CSGSFS=0x002b000000000033, ERR=0x0000000000000006
  TRAPNO=0x000000000000000e

Top of Stack: (sp=0x00007f086abfe380)
0x00007f086abfe380:   00007f086abfe940 00007f08840b21e0
0x00007f086abfe390:   00007f088905f888 0000000800c42288
0x00007f086abfe3a0:   00007f086abfe500 00007f088b2102fe
0x00007f086abfe3b0:   00007f086abfe3e0 00007f086abfe440 

Instructions: (pc=0x00007f088b244714)
0x00007f088b244614:   30 e8 f6 cf e8 ff 4c 89 e7 e8 2e 48 d1 ff 84 db
0x00007f088b244624:   75 2a 4d 85 ed 74 04 4d 8b 6d 00 48 83 c4 08 44
0x00007f088b244634:   89 f9 4c 89 f2 4c 89 ee 5b 4c 89 e7 41 5c 41 5d
0x00007f088b244644:   41 5e 41 5f 5d e9 e2 47 d1 ff 66 90 48 83 c4 08
0x00007f088b244654:   5b 41 5c 41 5d 41 5e 41 5f 5d c3 90 31 d2 be 08
0x00007f088b244664:   00 00 00 4c 89 ff e8 b1 78 a3 ff 49 89 c5 e9 37
0x00007f088b244674:   ff ff ff 66 0f 1f 84 00 00 00 00 00 48 8b 7a 08
0x00007f088b244684:   e9 6d ff ff ff 0f 1f 80 00 00 00 00 e8 5b 48 0a
0x00007f088b244694:   00 84 c0 75 89 e9 6a ff ff ff 66 90 55 48 89 e5
0x00007f088b2446a4:   41 56 41 55 41 54 49 89 fc 53 48 89 f3 66 48 8d
0x00007f088b2446b4:   3d 27 5e 85 00 66 66 48 e8 df 43 8d ff 4c 8b 28
0x00007f088b2446c4:   8b 05 be 72 8a 00 85 c0 75 14 ba 01 00 00 00 48
0x00007f088b2446d4:   8d 0d ae 72 8a 00 f0 0f b1 11 85 c0 74 4e be c8
0x00007f088b2446e4:   00 00 00 4c 89 ef e8 01 0b 41 00 48 8d 05 12 ac
0x00007f088b2446f4:   85 00 49 89 d8 48 8d 0d e8 aa 53 00 ba 49 06 00
0x00007f088b244704:   00 48 8d 35 3c 35 58 00 bf 00 00 00 e0 48 8b 00
0x00007f088b244714:   c6 00 58 31 c0 e8 e2 91 c6 ff 5b 41 5c 41 5d 41
0x00007f088b244724:   5e 5d e9 55 34 26 00 0f 1f 44 00 00 48 8d 05 81
0x00007f088b244734:   a3 8b 00 48 89 df 4c 8b 30 e8 9e 43 8d ff 48 89
0x00007f088b244744:   de 48 89 c2 49 8b 06 4c 89 f7 ff 50 08 4c 89 f7
0x00007f088b244754:   e8 a7 5c 27 00 4d 85 e4 74 12 be 01 00 00 00 4c
0x00007f088b244764:   89 e7 e8 35 43 fc ff eb 82 0f 1f 00 be 01 00 00
0x00007f088b244774:   00 4c 89 ef e8 d3 fd ff ff e9 6d ff ff ff 66 66
0x00007f088b244784:   2e 0f 1f 84 00 00 00 00 00 0f 1f 00 55 48 89 e5
0x00007f088b244794:   41 57 41 56 41 55 41 54 53 48 81 ec 08 02 00 00
0x00007f088b2447a4:   64 48 8b 04 25 28 00 00 00 48 89 45 c8 8b 07 83
0x00007f088b2447b4:   f8 02 0f 84 11 04 00 00 4c 8b 6f 18 49 89 ff 49
0x00007f088b2447c4:   89 f4 4d 85 ed 74 14 4c 89 ef e8 5d 57 22 00 41
0x00007f088b2447d4:   8b 07 83 f8 02 0f 84 19 04 00 00 48 8d 1d 9a 06
0x00007f088b2447e4:   8a 00 4c 8d 35 0b 3c 58 00 eb 38 90 48 85 d2 7f
0x00007f088b2447f4:   0d 48 8d 05 b4 c0 85 00 48 83 38 00 7e 0e 41 8b
0x00007f088b244804:   77 2c 4c 89 f7 31 c0 e8 a0 b2 f7 ff 49 8b 7f 18 


Stack slot to memory mapping:
stack at sp + 0 slots: 0x00007f086abfe940 is pointing into the stack for thread: 0x00007f08840b21e0
stack at sp + 1 slots: 0x00007f08840b21e0 is a thread
stack at sp + 2 slots: 0x00007f088905f888 points into unknown readable memory: 0x657300183c7affff | ff ff 7a 3c 18 00 73 65
stack at sp + 3 slots: 0x0000000800c42288 is a pointer to class: 
jdk.vm.ci.services.Services {0x0000000800c42288}
 - instance size:     2
 - klass size:        65
 - access:            public final synchronized 
 - state:             fully_initialized
 - name:              'jdk/vm/ci/services/Services'
 - super:             'java/lang/Object'
 - sub:               
 - arrays:            NULL
 - methods:           Array<T>(0x00007f086ac50428)
 - method ordering:   Array<T>(0x0000000800928960)
 - default_methods:   Array<T>(0x0000000000000000)
 - local interfaces:  Array<T>(0x00000008005ce810)
 - trans. interfaces: Array<T>(0x00000008005ce810)
 - constants:         constant pool [427] {0x00007f086ac4f508} for 'jdk/vm/ci/services/Services' cache=0x00007f086ac516f8
 - class loader data:  loader data: 0x00007f08840283d0 of 'bootstrap'
 - source file:       'Services.java'
 - class annotations:       Array<T>(0x0000000000000000)
 - class type annotations:  Array<T>(0x0000000000000000)
 - field annotations:       Array<T>(0x0000000000000000)
 - field type annotations:  Array<T>(0x0000000000000000)
 - inner classes:     Array<T>(0x00007f086ac516c8)
 - nest members:     Array<T>(0x00007f086ac516e8)
 - permitted subclasses:     Array<T>(0x00000008005ce7a0)
 - java mirror:       a 'java/lang/Class'{0x00000000e017b080} = 'jdk/vm/ci/services/Services'
 - vtable length      5  (start addr: 0x0000000800c42458)
 - itable length      2 (start addr: 0x0000000800c42480)
 - ---- static fields (3 words):
 - public static final 'IS_BUILDING_NATIVE_IMAGE' 'Z' @128 
 - public static final 'IS_IN_NATIVE_IMAGE' 'Z' @129 
 - private static volatile 'savedProperties' 'Ljava/util/Map;' @112 
 - static final 'JVMCI_ENABLED' 'Z' @130 
 - private static final 'servicesCache' 'Ljava/util/Map;' @116 
 - private static final 'MAX_UNICODE_IN_UTF8_LENGTH' 'I' @120 
 - private static final 'MAX_UTF8_PROPERTY_STRING_LENGTH' 'I' @124 
 - ---- non-static fields (0 words):
 - non-static oop maps: 
stack at sp + 4 slots: 0x00007f086abfe500 is pointing into the stack for thread: 0x00007f08840b21e0
stack at sp + 5 slots: 0x00007f088b2102fe: <offset 0x000000000093e2fe> in /nix/store/gpxl5qgg8kicmcvivwmybwjlpf7wh20l-graalvm17-ce-22.3.0/lib/server/libjvm.so at 0x00007f088a8d2000
stack at sp + 6 slots: 0x00007f086abfe3e0 is pointing into the stack for thread: 0x00007f08840b21e0
stack at sp + 7 slots: 0x00007f086abfe440 is pointing into the stack for thread: 0x00007f08840b21e0


---------------  P R O C E S S  ---------------

Threads class SMR info:
_java_thread_list=0x00007f07e8004d50, length=28, elements={
0x00007f0884026670, 0x00007f08840a64b0, 0x00007f08840a78f0, 0x00007f08840ae050,
0x00007f08840af400, 0x00007f08840b07f0, 0x00007f08840b21e0, 0x00007f08840b36f0,
0x00007f08840b4750, 0x00007f08840d71d0, 0x00007f088411f8c0, 0x00007f08843026f0,
0x00007f0884335690, 0x00007f0884337ee0, 0x00007f0884364050, 0x00007f0818017030,
0x00007f08182b2940, 0x00007f08183127c0, 0x00007f081848e970, 0x00007f08185eefb0,
0x00007f0884470230, 0x00007f08843abb30, 0x00007f07f00e7260, 0x00007f07b80014c0,
0x00007f07f4158cd0, 0x00007f07f4161f90, 0x00007f07f4157e40, 0x00007f07f41d2520
}

Java Threads: ( => current thread )
  0x00007f0884026670 JavaThread "main" [_thread_blocked, id=26, stack(0x00007f088a6ed000,0x00007f088a7ed000)]
  0x00007f08840a64b0 JavaThread "Reference Handler" daemon [_thread_blocked, id=29, stack(0x00007f0888704000,0x00007f0888804000)]
  0x00007f08840a78f0 JavaThread "Finalizer" daemon [_thread_blocked, id=30, stack(0x00007f0888604000,0x00007f0888704000)]
  0x00007f08840ae050 JavaThread "Signal Dispatcher" daemon [_thread_blocked, id=31, stack(0x00007f088821e000,0x00007f088831e000)]
  0x00007f08840af400 JavaThread "Service Thread" daemon [_thread_blocked, id=32, stack(0x00007f088811e000,0x00007f088821e000)]
  0x00007f08840b07f0 JavaThread "Monitor Deflation Thread" daemon [_thread_blocked, id=33, stack(0x00007f088801e000,0x00007f088811e000)]
=>0x00007f08840b21e0 JavaThread "JVMCI-native CompilerThread0" daemon [_thread_in_vm, id=34, stack(0x00007f086aa00000,0x00007f086ac00000)]
  0x00007f08840b36f0 JavaThread "C1 CompilerThread0" daemon [_thread_blocked, id=35, stack(0x00007f086a800000,0x00007f086aa00000)]
  0x00007f08840b4750 JavaThread "Sweeper thread" daemon [_thread_blocked, id=36, stack(0x00007f086a700000,0x00007f086a800000)]
  0x00007f08840d71d0 JavaThread "Common-Cleaner" daemon [_thread_blocked, id=37, stack(0x00007f086a600000,0x00007f086a700000)]
  0x00007f088411f8c0 JavaThread "Notification Thread" daemon [_thread_blocked, id=38, stack(0x00007f086a500000,0x00007f086a600000)]
  0x00007f08843026f0 JavaThread "Active Thread: Equinox Container: fa4271b1-56df-43ad-bbea-b3d4dbdc2590" [_thread_blocked, id=59, stack(0x00007f0869100000,0x00007f0869200000)]
  0x00007f0884335690 JavaThread "Framework Event Dispatcher: Equinox Container: fa4271b1-56df-43ad-bbea-b3d4dbdc2590" daemon [_thread_blocked, id=60, stack(0x00007f0868f00000,0x00007f0869000000)]
  0x00007f0884337ee0 JavaThread "Start Level: Equinox Container: fa4271b1-56df-43ad-bbea-b3d4dbdc2590" daemon [_thread_blocked, id=61, stack(0x00007f0868d00000,0x00007f0868e00000)]
  0x00007f0884364050 JavaThread "Refresh Thread: Equinox Container: fa4271b1-56df-43ad-bbea-b3d4dbdc2590" daemon [_thread_blocked, id=62, stack(0x00007f0868b00000,0x00007f0868c00000)]
  0x00007f0818017030 JavaThread "SCR Component Actor" daemon [_thread_blocked, id=63, stack(0x00007f0868900000,0x00007f0868a00000)]
  0x00007f08182b2940 JavaThread "Worker-JM" [_thread_blocked, id=80, stack(0x00007f0868500000,0x00007f0868600000)]
  0x00007f08183127c0 JavaThread "Worker-0: Periodic workspace save." [_thread_blocked, id=81, stack(0x00007f0868300000,0x00007f0868400000)]
  0x00007f081848e970 JavaThread "Java indexing" daemon [_thread_blocked, id=83, stack(0x00007f0831b00000,0x00007f0831c00000)]
  0x00007f08185eefb0 JavaThread "Bundle File Closer" daemon [_thread_blocked, id=84, stack(0x00007f0831900000,0x00007f0831a00000)]
  0x00007f0884470230 JavaThread "pool-3-thread-1" [_thread_blocked, id=85, stack(0x00007f0831700000,0x00007f0831800000)]
  0x00007f08843abb30 JavaThread "pool-2-thread-1" [_thread_blocked, id=87, stack(0x00007f0831300000,0x00007f0831400000)]
  0x00007f07f00e7260 JavaThread "Worker-7" [_thread_blocked, id=147, stack(0x00007f0830500000,0x00007f0830600000)]
  0x00007f07b80014c0 JavaThread "Worker-8" [_thread_blocked, id=256, stack(0x00007f0831500000,0x00007f0831600000)]
  0x00007f07f4158cd0 JavaThread "Thread-18" [_thread_blocked, id=257, stack(0x00007f0830f00000,0x00007f0831000000)]
  0x00007f07f4161f90 JavaThread "Thread-19" [_thread_blocked, id=258, stack(0x00007f0868700000,0x00007f0868800000)]
  0x00007f07f4157e40 JavaThread "Thread-20" [_thread_blocked, id=259, stack(0x00007f0868100000,0x00007f0868200000)]
  0x00007f07f41d2520 JavaThread "Thread-21" [_thread_blocked, id=260, stack(0x00007f0831a00000,0x00007f0831b00000)]

Other Threads:
  0x00007f08840a1bf0 VMThread "VM Thread" [stack: 0x00007f0888806000,0x00007f0888906000] [id=28] _threads_hazard_ptr=0x00007f07e8004d50
  0x00007f0884121260 WatcherThread [stack: 0x00007f086a400000,0x00007f086a500000] [id=39]
  0x00007f088403df10 GCTaskThread "GC Thread#0" [stack: 0x00007f088a2b0000,0x00007f088a3b0000] [id=27]

Threads with active compile tasks:
JVMCI-native CompilerThread0  1096586 9840       4       java.lang.Class::getPackageName (81 bytes)

VM state: synchronizing (normal execution)

VM Mutex/Monitor currently owned by a thread:  ([mutex/lock_event])
[0x00007f0884023820] Threads_lock - owner thread: 0x00007f08840a1bf0
[0x00007f0884023fd0] Heap_lock - owner thread: 0x00007f07f4157e40

OutOfMemory and StackOverflow Exception counts:
OutOfMemoryError java_heap_errors=1
LinkageErrors=63

Heap address: 0x00000000e0000000, size: 512 MB, Compressed Oops mode: 32-bit

CDS archive(s) mapped at: [0x0000000800000000-0x0000000800bc8000-0x0000000800bc8000), size 12353536, SharedBaseAddress: 0x0000000800000000, ArchiveRelocationMode: 0.
Compressed class space mapped at: 0x0000000800c00000-0x0000000840c00000, reserved size: 1073741824
Narrow klass base: 0x0000000800000000, Narrow klass shift: 0, Narrow klass range: 0x100000000

GC Precious Log:
 CPUs: 8 total, 1 available
 Memory: 1024M
 Large Page Support: Disabled
 NUMA Support: Disabled
 Compressed Oops: Enabled (32-bit)
 Alignments: Space 512K, Generation 512K, Heap 2M
 Heap Min Capacity: 100M
 Heap Initial Capacity: 100M
 Heap Max Capacity: 512M
 Pre-touch: Disabled
 Parallel Workers: 1

Heap:
 PSYoungGen      total 58880K, used 34815K [0x00000000f5580000, 0x00000000fa900000, 0x0000000100000000)
  eden space 34816K, 99% used [0x00000000f5580000,0x00000000f777fff8,0x00000000f7780000)
  from space 24064K, 0% used [0x00000000f8f00000,0x00000000f8f00000,0x00000000fa680000)
  to   space 24064K, 0% used [0x00000000f7780000,0x00000000f7780000,0x00000000f8f00000)
 ParOldGen       total 349696K, used 349695K [0x00000000e0000000, 0x00000000f5580000, 0x00000000f5580000)
  object space 349696K, 99% used [0x00000000e0000000,0x00000000f557fcc0,0x00000000f5580000)
 Metaspace       used 57367K, committed 58240K, reserved 1105920K
  class space    used 5516K, committed 5888K, reserved 1048576K

Card table byte_map: [0x00007f088a3b0000,0x00007f088a4b1000] _byte_map_base: 0x00007f0889cb0000

Marking Bits: (ParMarkBitMap*) 0x00007f088bb004c0
 Begin Bits: [0x00007f0889203000, 0x00007f0889a03000)
 End Bits:   [0x00007f0889a03000, 0x00007f088a203000)

Polling page: 0x00007f088a6ca000

Metaspace:

Usage:
  Non-class:     50.64 MB used.
      Class:      5.39 MB used.
       Both:     56.02 MB used.

Virtual space:
  Non-class space:       56.00 MB reserved,      51.12 MB ( 91%) committed,  7 nodes.
      Class space:        1.00 GB reserved,       5.75 MB ( <1%) committed,  1 nodes.
             Both:        1.05 GB reserved,      56.88 MB (  5%) committed. 

Chunk freelists:
   Non-Class:  917.00 KB
       Class:  2.22 MB
        Both:  3.11 MB

MaxMetaspaceSize: unlimited
CompressedClassSpaceSize: 1.00 GB
Initial GC threshold: 21.00 MB
Current GC threshold: 94.81 MB
CDS: on
MetaspaceReclaimPolicy: balanced
 - commit_granule_bytes: 65536.
 - commit_granule_words: 8192.
 - virtual_space_node_default_size: 1048576.
 - enlarge_chunks_in_place: 1.
 - new_chunks_are_fully_committed: 0.
 - uncommit_free_chunks: 1.
 - use_allocation_guard: 0.
 - handle_deallocations: 1.


Internal statistics:

num_allocs_failed_limit: 6.
num_arena_births: 396.
num_arena_deaths: 78.
num_vsnodes_births: 8.
num_vsnodes_deaths: 0.
num_space_committed: 907.
num_space_uncommitted: 0.
num_chunks_returned_to_freelist: 104.
num_chunks_taken_from_freelist: 2600.
num_chunk_merges: 37.
num_chunk_splits: 1671.
num_chunks_enlarged: 1058.
num_purges: 14.
num_inconsistent_stats: 0.

CodeHeap 'non-profiled nmethods': size=120036Kb used=2681Kb max_used=2681Kb free=117354Kb
 bounds [0x00007f0872f7a000, 0x00007f087321a000, 0x00007f087a4b3000]
CodeHeap 'profiled nmethods': size=120032Kb used=16677Kb max_used=16677Kb free=103354Kb
 bounds [0x00007f086ba42000, 0x00007f086ca92000, 0x00007f0872f7a000]
CodeHeap 'non-nmethods': size=5692Kb used=1385Kb max_used=1396Kb free=4306Kb
 bounds [0x00007f086b4b3000, 0x00007f086b723000, 0x00007f086ba42000]
 total_blobs=7856 nmethods=7135 adapters=612
 compilation: enabled
              stopped_count=0, restarted_count=0
 full_count=0

JVMCI Events (20 events):
Event: 952.791 Thread 0x00007f08840b21e0 compacted oop handles in JVMCI runtime 0 from 44 to 44
Event: 952.791 Thread 0x00007f08840b21e0 releasing handles for JVMCI runtime 0: oop handles=44, metadata handles={total=88, live=77, blocks=58}
Event: 952.791 Thread 0x00007f08840b21e0 detached from JVMCI runtime 0
Event: 957.418 Thread 0x00007f08840b21e0 attached to JVMCI runtime 0
Event: 957.437 Thread 0x00007f08840b21e0 created JavaVM[7]@0x00007f082f79e340 for JVMCI runtime 0
Event: 957.437 Thread 0x00007f08840b21e0 initializing JVMCI runtime 0
Event: 957.437 Thread 0x00007f08840b21e0 done waiting for JavaVM references initialization in JVMCI runtime 0
Event: 990.046 Thread 0x00007f08840b21e0 initialized JVMCI runtime 0
Event: 997.657 Thread 0x00007f08840b21e0 compacted oop handles in JVMCI runtime 0 from 56 to 55
Event: 999.184 Thread 0x00007f08840b21e0 detaching from JVMCI runtime 0: releasing idle compiler thread (0 other threads still attached)
Event: 999.184 Thread 0x00007f08840b21e0 shutting down HotSpotJVMCIRuntime for JVMCI runtime 0
Event: 999.184 Thread 0x00007f08840b21e0 shut down JVMCI runtime 0
Event: 1000.564 Thread 0x00007f08840b21e0 destroyed JavaVM[7]@0x00007f082f79e340 for JVMCI runtime 0
Event: 1000.564 Thread 0x00007f08840b21e0 compacted oop handles in JVMCI runtime 0 from 55 to 55
Event: 1000.564 Thread 0x00007f08840b21e0 releasing handles for JVMCI runtime 0: oop handles=55, metadata handles={total=96, live=93, blocks=58}
Event: 1000.564 Thread 0x00007f08840b21e0 detached from JVMCI runtime 0
Event: 1021.279 Thread 0x00007f08840b21e0 attached to JVMCI runtime 0
Event: 1021.281 Thread 0x00007f08840b21e0 created JavaVM[8]@0x00007f082f79e340 for JVMCI runtime 0
Event: 1024.171 Thread 0x00007f08840b21e0 initializing JVMCI runtime 0
Event: 1024.171 Thread 0x00007f08840b21e0 done waiting for JavaVM references initialization in JVMCI runtime 0

Compilation events (20 events):
Event: 819.678 Thread 0x00007f08840b21e0 nmethod 9830 0x00007f0873214a10 code [0x00007f0873214dc0, 0x00007f08732161b0]
Event: 819.678 Thread 0x00007f08840b21e0 9829       4       org.eclipse.jdt.internal.core.JrtPackageFragmentRoot::equals (69 bytes)
Event: 819.696 Thread 0x00007f08840b21e0 nmethod 9829 0x00007f0873216c10 code [0x00007f0873216dc0, 0x00007f08732170a0]
Event: 819.696 Thread 0x00007f08840b21e0 9820       4       java.util.HashMap::entrySet (27 bytes)
Event: 823.046 Thread 0x00007f08840b21e0 nmethod 9820 0x00007f0873217310 code [0x00007f08732174a0, 0x00007f0873217590]
Event: 891.639 Thread 0x00007f08840b21e0 9834       4       org.eclipse.jdt.internal.compiler.parser.Parser::pushOnIntStack (54 bytes)
Event: 929.756 Thread 0x00007f08840b36f0 9836       3       org.eclipse.jdt.internal.compiler.parser.Parser::dispatchDeclarationInto (443 bytes)
Event: 931.464 Thread 0x00007f08840b36f0 nmethod 9836 0x00007f086ca8a710 code [0x00007f086ca8a9a0, 0x00007f086ca8c840]
Event: 951.188 Thread 0x00007f08840b21e0 nmethod 9834 0x00007f0873217690 code [0x00007f0873217800, 0x00007f08732178d0]
Event: 951.188 Thread 0x00007f08840b21e0 9835       4       jdk.internal.reflect.ClassFileAssembler::cpi (22 bytes)
Event: 951.189 Thread 0x00007f08840b21e0 nmethod 9835 0x00007f0873217990 code [0x00007f0873217b00, 0x00007f0873217b78]
Event: 957.418 Thread 0x00007f08840b21e0 9837       4       org.eclipse.jdt.internal.core.OverflowingLRUCache::updateTimestamp (43 bytes)
Event: 997.654 Thread 0x00007f08840b21e0 nmethod 9837 0x00007f0873217c90 code [0x00007f0873217e00, 0x00007f0873217f78]
Event: 997.654 Thread 0x00007f08840b21e0 9838       4       org.eclipse.core.internal.resources.Resource::hashCode (8 bytes)
Event: 997.656 Thread 0x00007f08840b21e0 nmethod 9838 0x00007f0873218090 code [0x00007f0873218200, 0x00007f08732182b0]
Event: 997.656 Thread 0x00007f08840b21e0 9839       4       java.lang.ref.WeakReference::<init> (6 bytes)
Event: 997.657 Thread 0x00007f08840b21e0 nmethod 9839 0x00007f0873218390 code [0x00007f0873218500, 0x00007f0873218570]
Event: 1021.279 Thread 0x00007f08840b21e0 9840       4       java.lang.Class::getPackageName (81 bytes)
Event: 1072.559 Thread 0x00007f08840b36f0 9842       3       java.util.concurrent.locks.LockSupport::parkNanos (29 bytes)
Event: 1075.247 Thread 0x00007f08840b36f0 nmethod 9842 0x00007f086ca8cf10 code [0x00007f086ca8d0e0, 0x00007f086ca8d2e0]

GC Heap History (20 events):
Event: 1081.983 GC heap before
{Heap before GC invocations=727 (full 620):
 PSYoungGen      total 58880K, used 34815K [0x00000000f5580000, 0x00000000fa900000, 0x0000000100000000)
  eden space 34816K, 99% used [0x00000000f5580000,0x00000000f777fff8,0x00000000f7780000)
  from space 24064K, 0% used [0x00000000f8f00000,0x00000000f8f00000,0x00000000fa680000)
  to   space 24064K, 0% used [0x00000000f7780000,0x00000000f7780000,0x00000000f8f00000)
 ParOldGen       total 349696K, used 349694K [0x00000000e0000000, 0x00000000f5580000, 0x00000000f5580000)
  object space 349696K, 99% used [0x00000000e0000000,0x00000000f557f858,0x00000000f5580000)
 Metaspace       used 57367K, committed 58240K, reserved 1105920K
  class space    used 5516K, committed 5888K, reserved 1048576K
}
Event: 1083.568 GC heap after
{Heap after GC invocations=727 (full 620):
 PSYoungGen      total 58880K, used 34815K [0x00000000f5580000, 0x00000000fa900000, 0x0000000100000000)
  eden space 34816K, 99% used [0x00000000f5580000,0x00000000f777fff8,0x00000000f7780000)
  from space 24064K, 0% used [0x00000000f7780000,0x00000000f7780000,0x00000000f8f00000)
  to   space 24064K, 0% used [0x00000000f8f00000,0x00000000f8f00000,0x00000000fa680000)
 ParOldGen       total 349696K, used 349693K [0x00000000e0000000, 0x00000000f5580000, 0x00000000f5580000)
  object space 349696K, 99% used [0x00000000e0000000,0x00000000f557f6f0,0x00000000f5580000)
 Metaspace       used 57367K, committed 58240K, reserved 1105920K
  class space    used 5516K, committed 5888K, reserved 1048576K
}
Event: 1083.577 GC heap before
{Heap before GC invocations=728 (full 621):
 PSYoungGen      total 58880K, used 34815K [0x00000000f5580000, 0x00000000fa900000, 0x0000000100000000)
  eden space 34816K, 99% used [0x00000000f5580000,0x00000000f777fff8,0x00000000f7780000)
  from space 24064K, 0% used [0x00000000f7780000,0x00000000f7780000,0x00000000f8f00000)
  to   space 24064K, 0% used [0x00000000f8f00000,0x00000000f8f00000,0x00000000fa680000)
 ParOldGen       total 349696K, used 349695K [0x00000000e0000000, 0x00000000f5580000, 0x00000000f5580000)
  object space 349696K, 99% used [0x00000000e0000000,0x00000000f557ff08,0x00000000f5580000)
 Metaspace       used 57367K, committed 58240K, reserved 1105920K
  class space    used 5516K, committed 5888K, reserved 1048576K
}
Event: 1085.071 GC heap after
{Heap after GC invocations=728 (full 621):
 PSYoungGen      total 58880K, used 34815K [0x00000000f5580000, 0x00000000fa900000, 0x0000000100000000)
  eden space 34816K, 99% used [0x00000000f5580000,0x00000000f777fff8,0x00000000f7780000)
  from space 24064K, 0% used [0x00000000f8f00000,0x00000000f8f00000,0x00000000fa680000)
  to   space 24064K, 0% used [0x00000000f7780000,0x00000000f7780000,0x00000000f8f00000)
 ParOldGen       total 349696K, used 349695K [0x00000000e0000000, 0x00000000f5580000, 0x00000000f5580000)
  object space 349696K, 99% used [0x00000000e0000000,0x00000000f557fe18,0x00000000f5580000)
 Metaspace       used 57367K, committed 58240K, reserved 1105920K
  class space    used 5516K, committed 5888K, reserved 1048576K
}
Event: 1085.071 GC heap before
{Heap before GC invocations=729 (full 622):
 PSYoungGen      total 58880K, used 34815K [0x00000000f5580000, 0x00000000fa900000, 0x0000000100000000)
  eden space 34816K, 99% used [0x00000000f5580000,0x00000000f777fff8,0x00000000f7780000)
  from space 24064K, 0% used [0x00000000f8f00000,0x00000000f8f00000,0x00000000fa680000)
  to   space 24064K, 0% used [0x00000000f7780000,0x00000000f7780000,0x00000000f8f00000)
 ParOldGen       total 349696K, used 349695K [0x00000000e0000000, 0x00000000f5580000, 0x00000000f5580000)
  object space 349696K, 99% used [0x00000000e0000000,0x00000000f557ffe0,0x00000000f5580000)
 Metaspace       used 57367K, committed 58240K, reserved 1105920K
  class space    used 5516K, committed 5888K, reserved 1048576K
}
Event: 1086.483 GC heap after
{Heap after GC invocations=729 (full 622):
 PSYoungGen      total 58880K, used 34815K [0x00000000f5580000, 0x00000000fa900000, 0x0000000100000000)
  eden space 34816K, 99% used [0x00000000f5580000,0x00000000f777fff8,0x00000000f7780000)
  from space 24064K, 0% used [0x00000000f7780000,0x00000000f7780000,0x00000000f8f00000)
  to   space 24064K, 0% used [0x00000000f8f00000,0x00000000f8f00000,0x00000000fa680000)
 ParOldGen       total 349696K, used 349695K [0x00000000e0000000, 0x00000000f5580000, 0x00000000f5580000)
  object space 349696K, 99% used [0x00000000e0000000,0x00000000f557ff40,0x00000000f5580000)
 Metaspace       used 57367K, committed 58240K, reserved 1105920K
  class space    used 5516K, committed 5888K, reserved 1048576K
}
Event: 1086.484 GC heap before
{Heap before GC invocations=730 (full 623):
 PSYoungGen      total 58880K, used 34815K [0x00000000f5580000, 0x00000000fa900000, 0x0000000100000000)
  eden space 34816K, 99% used [0x00000000f5580000,0x00000000f777fff8,0x00000000f7780000)
  from space 24064K, 0% used [0x00000000f7780000,0x00000000f7780000,0x00000000f8f00000)
  to   space 24064K, 0% used [0x00000000f8f00000,0x00000000f8f00000,0x00000000fa680000)
 ParOldGen       total 349696K, used 349695K [0x00000000e0000000, 0x00000000f5580000, 0x00000000f5580000)
  object space 349696K, 99% used [0x00000000e0000000,0x00000000f557ffe8,0x00000000f5580000)
 Metaspace       used 57367K, committed 58240K, reserved 1105920K
  class space    used 5516K, committed 5888K, reserved 1048576K
}
Event: 1087.867 GC heap after
{Heap after GC invocations=730 (full 623):
 PSYoungGen      total 58880K, used 34815K [0x00000000f5580000, 0x00000000fa900000, 0x0000000100000000)
  eden space 34816K, 99% used [0x00000000f5580000,0x00000000f777fff8,0x00000000f7780000)
  from space 24064K, 0% used [0x00000000f8f00000,0x00000000f8f00000,0x00000000fa680000)
  to   space 24064K, 0% used [0x00000000f7780000,0x00000000f7780000,0x00000000f8f00000)
 ParOldGen       total 349696K, used 349695K [0x00000000e0000000, 0x00000000f5580000, 0x00000000f5580000)
  object space 349696K, 99% used [0x00000000e0000000,0x00000000f557ffc8,0x00000000f5580000)
 Metaspace       used 57367K, committed 58240K, reserved 1105920K
  class space    used 5516K, committed 5888K, reserved 1048576K
}
Event: 1087.867 GC heap before
{Heap before GC invocations=731 (full 624):
 PSYoungGen      total 58880K, used 34815K [0x00000000f5580000, 0x00000000fa900000, 0x0000000100000000)
  eden space 34816K, 99% used [0x00000000f5580000,0x00000000f777fff8,0x00000000f7780000)
  from space 24064K, 0% used [0x00000000f8f00000,0x00000000f8f00000,0x00000000fa680000)
  to   space 24064K, 0% used [0x00000000f7780000,0x00000000f7780000,0x00000000f8f00000)
 ParOldGen       total 349696K, used 349696K [0x00000000e0000000, 0x00000000f5580000, 0x00000000f5580000)
  object space 349696K, 100% used [0x00000000e0000000,0x00000000f5580000,0x00000000f5580000)
 Metaspace       used 57367K, committed 58240K, reserved 1105920K
  class space    used 5516K, committed 5888K, reserved 1048576K
}
Event: 1089.262 GC heap after
{Heap after GC invocations=731 (full 624):
 PSYoungGen      total 58880K, used 34815K [0x00000000f5580000, 0x00000000fa900000, 0x0000000100000000)
  eden space 34816K, 99% used [0x00000000f5580000,0x00000000f777fff8,0x00000000f7780000)
  from space 24064K, 0% used [0x00000000f7780000,0x00000000f7780000,0x00000000f8f00000)
  to   space 24064K, 0% used [0x00000000f8f00000,0x00000000f8f00000,0x00000000fa680000)
 ParOldGen       total 349696K, used 349696K [0x00000000e0000000, 0x00000000f5580000, 0x00000000f5580000)
  object space 349696K, 100% used [0x00000000e0000000,0x00000000f5580000,0x00000000f5580000)
 Metaspace       used 57367K, committed 58240K, reserved 1105920K
  class space    used 5516K, committed 5888K, reserved 1048576K
}
Event: 1089.262 GC heap before
{Heap before GC invocations=732 (full 625):
 PSYoungGen      total 58880K, used 34815K [0x00000000f5580000, 0x00000000fa900000, 0x0000000100000000)
  eden space 34816K, 99% used [0x00000000f5580000,0x00000000f777fff8,0x00000000f7780000)
  from space 24064K, 0% used [0x00000000f7780000,0x00000000f7780000,0x00000000f8f00000)
  to   space 24064K, 0% used [0x00000000f8f00000,0x00000000f8f00000,0x00000000fa680000)
 ParOldGen       total 349696K, used 349696K [0x00000000e0000000, 0x00000000f5580000, 0x00000000f5580000)
  object space 349696K, 100% used [0x00000000e0000000,0x00000000f5580000,0x00000000f5580000)
 Metaspace       used 57367K, committed 58240K, reserved 1105920K
  class space    used 5516K, committed 5888K, reserved 1048576K
}
Event: 1090.743 GC heap after
{Heap after GC invocations=732 (full 625):
 PSYoungGen      total 58880K, used 34815K [0x00000000f5580000, 0x00000000fa900000, 0x0000000100000000)
  eden space 34816K, 99% used [0x00000000f5580000,0x00000000f777ffc0,0x00000000f7780000)
  from space 24064K, 0% used [0x00000000f8f00000,0x00000000f8f00000,0x00000000fa680000)
  to   space 24064K, 0% used [0x00000000f7780000,0x00000000f7780000,0x00000000f8f00000)
 ParOldGen       total 349696K, used 349688K [0x00000000e0000000, 0x00000000f5580000, 0x00000000f5580000)
  object space 349696K, 99% used [0x00000000e0000000,0x00000000f557e098,0x00000000f5580000)
 Metaspace       used 57367K, committed 58240K, reserved 1105920K
  class space    used 5516K, committed 5888K, reserved 1048576K
}
Event: 1090.743 GC heap before
{Heap before GC invocations=733 (full 626):
 PSYoungGen      total 58880K, used 34815K [0x00000000f5580000, 0x00000000fa900000, 0x0000000100000000)
  eden space 34816K, 99% used [0x00000000f5580000,0x00000000f777fff8,0x00000000f7780000)
  from space 24064K, 0% used [0x00000000f8f00000,0x00000000f8f00000,0x00000000fa680000)
  to   space 24064K, 0% used [0x00000000f7780000,0x00000000f7780000,0x00000000f8f00000)
 ParOldGen       total 349696K, used 349689K [0x00000000e0000000, 0x00000000f5580000, 0x00000000f5580000)
  object space 349696K, 99% used [0x00000000e0000000,0x00000000f557e5d8,0x00000000f5580000)
 Metaspace       used 57367K, committed 58240K, reserved 1105920K
  class space    used 5516K, committed 5888K, reserved 1048576K
}
Event: 1092.238 GC heap after
{Heap after GC invocations=733 (full 626):
 PSYoungGen      total 58880K, used 34815K [0x00000000f5580000, 0x00000000fa900000, 0x0000000100000000)
  eden space 34816K, 99% used [0x00000000f5580000,0x00000000f777fff8,0x00000000f7780000)
  from space 24064K, 0% used [0x00000000f7780000,0x00000000f7780000,0x00000000f8f00000)
  to   space 24064K, 0% used [0x00000000f8f00000,0x00000000f8f00000,0x00000000fa680000)
 ParOldGen       total 349696K, used 349689K [0x00000000e0000000, 0x00000000f5580000, 0x00000000f5580000)
  object space 349696K, 99% used [0x00000000e0000000,0x00000000f557e408,0x00000000f5580000)
 Metaspace       used 57367K, committed 58240K, reserved 1105920K
  class space    used 5516K, committed 5888K, reserved 1048576K
}
Event: 1092.239 GC heap before
{Heap before GC invocations=734 (full 627):
 PSYoungGen      total 58880K, used 34815K [0x00000000f5580000, 0x00000000fa900000, 0x0000000100000000)
  eden space 34816K, 99% used [0x00000000f5580000,0x00000000f777fff8,0x00000000f7780000)
  from space 24064K, 0% used [0x00000000f7780000,0x00000000f7780000,0x00000000f8f00000)
  to   space 24064K, 0% used [0x00000000f8f00000,0x00000000f8f00000,0x00000000fa680000)
 ParOldGen       total 349696K, used 349690K [0x00000000e0000000, 0x00000000f5580000, 0x00000000f5580000)
  object space 349696K, 99% used [0x00000000e0000000,0x00000000f557ebf0,0x00000000f5580000)
 Metaspace       used 57367K, committed 58240K, reserved 1105920K
  class space    used 5516K, committed 5888K, reserved 1048576K
}
Event: 1093.681 GC heap after
{Heap after GC invocations=734 (full 627):
 PSYoungGen      total 58880K, used 34815K [0x00000000f5580000, 0x00000000fa900000, 0x0000000100000000)
  eden space 34816K, 99% used [0x00000000f5580000,0x00000000f777ffc8,0x00000000f7780000)
  from space 24064K, 0% used [0x00000000f8f00000,0x00000000f8f00000,0x00000000fa680000)
  to   space 24064K, 0% used [0x00000000f7780000,0x00000000f7780000,0x00000000f8f00000)
 ParOldGen       total 349696K, used 349690K [0x00000000e0000000, 0x00000000f5580000, 0x00000000f5580000)
  object space 349696K, 99% used [0x00000000e0000000,0x00000000f557ea78,0x00000000f5580000)
 Metaspace       used 57367K, committed 58240K, reserved 1105920K
  class space    used 5516K, committed 5888K, reserved 1048576K
}
Event: 1093.681 GC heap before
{Heap before GC invocations=735 (full 628):
 PSYoungGen      total 58880K, used 34815K [0x00000000f5580000, 0x00000000fa900000, 0x0000000100000000)
  eden space 34816K, 99% used [0x00000000f5580000,0x00000000f777fff8,0x00000000f7780000)
  from space 24064K, 0% used [0x00000000f8f00000,0x00000000f8f00000,0x00000000fa680000)
  to   space 24064K, 0% used [0x00000000f7780000,0x00000000f7780000,0x00000000f8f00000)
 ParOldGen       total 349696K, used 349695K [0x00000000e0000000, 0x00000000f5580000, 0x00000000f5580000)
  object space 349696K, 99% used [0x00000000e0000000,0x00000000f557fff0,0x00000000f5580000)
 Metaspace       used 57367K, committed 58240K, reserved 1105920K
  class space    used 5516K, committed 5888K, reserved 1048576K
}
Event: 1095.149 GC heap after
{Heap after GC invocations=735 (full 628):
 PSYoungGen      total 58880K, used 34815K [0x00000000f5580000, 0x00000000fa900000, 0x0000000100000000)
  eden space 34816K, 99% used [0x00000000f5580000,0x00000000f777ffa0,0x00000000f7780000)
  from space 24064K, 0% used [0x00000000f7780000,0x00000000f7780000,0x00000000f8f00000)
  to   space 24064K, 0% used [0x00000000f8f00000,0x00000000f8f00000,0x00000000fa680000)
 ParOldGen       total 349696K, used 349694K [0x00000000e0000000, 0x00000000f5580000, 0x00000000f5580000)
  object space 349696K, 99% used [0x00000000e0000000,0x00000000f557f950,0x00000000f5580000)
 Metaspace       used 57367K, committed 58240K, reserved 1105920K
  class space    used 5516K, committed 5888K, reserved 1048576K
}
Event: 1095.149 GC heap before
{Heap before GC invocations=736 (full 629):
 PSYoungGen      total 58880K, used 34815K [0x00000000f5580000, 0x00000000fa900000, 0x0000000100000000)
  eden space 34816K, 99% used [0x00000000f5580000,0x00000000f777ffa0,0x00000000f7780000)
  from space 24064K, 0% used [0x00000000f7780000,0x00000000f7780000,0x00000000f8f00000)
  to   space 24064K, 0% used [0x00000000f8f00000,0x00000000f8f00000,0x00000000fa680000)
 ParOldGen       total 349696K, used 349694K [0x00000000e0000000, 0x00000000f5580000, 0x00000000f5580000)
  object space 349696K, 99% used [0x00000000e0000000,0x00000000f557f950,0x00000000f5580000)
 Metaspace       used 57367K, committed 58240K, reserved 1105920K
  class space    used 5516K, committed 5888K, reserved 1048576K
}
Event: 1096.555 GC heap after
{Heap after GC invocations=736 (full 629):
 PSYoungGen      total 58880K, used 34815K [0x00000000f5580000, 0x00000000fa900000, 0x0000000100000000)
  eden space 34816K, 99% used [0x00000000f5580000,0x00000000f777ffa0,0x00000000f7780000)
  from space 24064K, 0% used [0x00000000f8f00000,0x00000000f8f00000,0x00000000fa680000)
  to   space 24064K, 0% used [0x00000000f7780000,0x00000000f7780000,0x00000000f8f00000)
 ParOldGen       total 349696K, used 349694K [0x00000000e0000000, 0x00000000f5580000, 0x00000000f5580000)
  object space 349696K, 99% used [0x00000000e0000000,0x00000000f557f950,0x00000000f5580000)
 Metaspace       used 57367K, committed 58240K, reserved 1105920K
  class space    used 5516K, committed 5888K, reserved 1048576K
}

Dll operation events (9 events):
Event: 0.002 Loaded shared library /nix/store/gpxl5qgg8kicmcvivwmybwjlpf7wh20l-graalvm17-ce-22.3.0/lib/libjava.so
Event: 0.009 Loaded shared library /nix/store/gpxl5qgg8kicmcvivwmybwjlpf7wh20l-graalvm17-ce-22.3.0/lib/libjsvml.so
Event: 0.246 Loaded shared library /nix/store/gpxl5qgg8kicmcvivwmybwjlpf7wh20l-graalvm17-ce-22.3.0/lib/libjvmcicompiler.so
Event: 0.248 Loaded shared library /nix/store/gpxl5qgg8kicmcvivwmybwjlpf7wh20l-graalvm17-ce-22.3.0/lib/libnio.so
Event: 0.250 Loaded shared library /nix/store/gpxl5qgg8kicmcvivwmybwjlpf7wh20l-graalvm17-ce-22.3.0/lib/libzip.so
Event: 0.737 Loaded shared library /nix/store/gpxl5qgg8kicmcvivwmybwjlpf7wh20l-graalvm17-ce-22.3.0/lib/libjimage.so
Event: 1.543 Loaded shared library /nix/store/gpxl5qgg8kicmcvivwmybwjlpf7wh20l-graalvm17-ce-22.3.0/lib/libnet.so
Event: 7.460 Loaded shared library /home/runner/.cache/jdt-language-server/config/org.eclipse.equinox.launcher/org.eclipse.equinox.launcher.gtk.linux.x86_64_1.2.400.v20211117-0650/eclipse_11600.so
Event: 21.235 Loaded shared library /nix/store/gpxl5qgg8kicmcvivwmybwjlpf7wh20l-graalvm17-ce-22.3.0/lib/libextnet.so

Deoptimization events (20 events):
Event: 96.443 Thread 0x00007f081848e970 DEOPT PACKING pc=0x00007f086ca57b85 sp=0x00007f0831bfe530
Event: 96.443 Thread 0x00007f081848e970 DEOPT UNPACKING pc=0x00007f086b505325 sp=0x00007f0831bfda20 mode 0
Event: 96.445 Thread 0x00007f081848e970 DEOPT PACKING pc=0x00007f086ca57b85 sp=0x00007f0831bfe530
Event: 96.445 Thread 0x00007f081848e970 DEOPT UNPACKING pc=0x00007f086b505325 sp=0x00007f0831bfda20 mode 0
Event: 96.447 Thread 0x00007f081848e970 DEOPT PACKING pc=0x00007f086ca57b85 sp=0x00007f0831bfe530
Event: 96.447 Thread 0x00007f081848e970 DEOPT UNPACKING pc=0x00007f086b505325 sp=0x00007f0831bfda20 mode 0
Event: 143.567 Thread 0x00007f08843abb30 Uncommon trap: trap_request=0xffffffed fr.pc=0x00007f08731a382b relative=0x000000000000018b
Event: 143.567 Thread 0x00007f08843abb30 Uncommon trap: reason=null_assert_or_unreached0 action=reinterpret pc=0x00007f08731a382b method=com.google.gson.stream.JsonReader.peek()Lcom/google/gson/stream/JsonToken; @ 14 jvmci
Event: 143.567 Thread 0x00007f08843abb30 DEOPT PACKING pc=0x00007f08731a382b sp=0x00007f08313fdd00
Event: 143.567 Thread 0x00007f08843abb30 DEOPT UNPACKING pc=0x00007f086b505325 sp=0x00007f08313fd1a0 mode 3
Event: 143.575 Thread 0x00007f08840b21e0 Uncommon trap: trap_request=0xffffffcd fr.pc=0x00007f08731181be relative=0x000000000000037e
Event: 143.575 Thread 0x00007f08840b21e0 Uncommon trap: reason=intrinsic_or_type_checked_inlining action=reinterpret pc=0x00007f08731181be method=java.io.DataOutputStream.writeInt(I)V @ 0 jvmci
Event: 143.575 Thread 0x00007f08840b21e0 DEOPT PACKING pc=0x00007f08731181be sp=0x00007f086abfe000
Event: 143.575 Thread 0x00007f08840b21e0 DEOPT UNPACKING pc=0x00007f086b505325 sp=0x00007f086abfd4d8 mode 3
Event: 783.474 Thread 0x00007f07f4157e40 DEOPT PACKING pc=0x00007f086c7365c8 sp=0x00007f08681fdff0
Event: 783.474 Thread 0x00007f07f4157e40 DEOPT UNPACKING pc=0x00007f086b505325 sp=0x00007f08681fd4b8 mode 0
Event: 878.881 Thread 0x00007f07f4157e40 Uncommon trap: trap_request=0xffffffcd fr.pc=0x00007f08730c2af5 relative=0x0000000000000155
Event: 878.881 Thread 0x00007f07f4157e40 Uncommon trap: reason=intrinsic_or_type_checked_inlining action=reinterpret pc=0x00007f08730c2af5 method=org.eclipse.jdt.internal.compiler.parser.Scanner.isInModuleDeclaration()Z @ 0 jvmci
Event: 878.881 Thread 0x00007f07f4157e40 DEOPT PACKING pc=0x00007f08730c2af5 sp=0x00007f08681fdd70
Event: 878.882 Thread 0x00007f07f4157e40 DEOPT UNPACKING pc=0x00007f086b505325 sp=0x00007f08681fd210 mode 3

Classes unloaded (20 events):
Event: 152.946 Thread 0x00007f08840a1bf0 Unloading class 0x0000000800d05000 'java/lang/invoke/LambdaForm$MH+0x0000000800d05000'
Event: 152.946 Thread 0x00007f08840a1bf0 Unloading class 0x0000000800d04c00 'java/lang/invoke/LambdaForm$MH+0x0000000800d04c00'
Event: 152.946 Thread 0x00007f08840a1bf0 Unloading class 0x0000000800d04800 'java/lang/invoke/LambdaForm$MH+0x0000000800d04800'
Event: 157.940 Thread 0x00007f08840a1bf0 Unloading class 0x0000000800ef1000 'jdk/internal/reflect/GeneratedConstructorAccessor12'
Event: 157.940 Thread 0x00007f08840a1bf0 Unloading class 0x0000000800ef0800 'jdk/internal/reflect/GeneratedConstructorAccessor10'
Event: 157.940 Thread 0x00007f08840a1bf0 Unloading class 0x0000000800ef0400 'jdk/internal/reflect/GeneratedConstructorAccessor9'
Event: 157.940 Thread 0x00007f08840a1bf0 Unloading class 0x0000000800ef0000 'jdk/internal/reflect/GeneratedConstructorAccessor8'
Event: 164.142 Thread 0x00007f08840a1bf0 Unloading class 0x0000000801047800 'java/lang/invoke/LambdaForm$MH+0x0000000801047800'
Event: 164.142 Thread 0x00007f08840a1bf0 Unloading class 0x0000000801047400 'java/lang/invoke/LambdaForm$MH+0x0000000801047400'
Event: 164.142 Thread 0x00007f08840a1bf0 Unloading class 0x0000000801047000 'java/lang/invoke/LambdaForm$MH+0x0000000801047000'
Event: 164.142 Thread 0x00007f08840a1bf0 Unloading class 0x0000000801046c00 'java/lang/invoke/LambdaForm$MH+0x0000000801046c00'
Event: 164.142 Thread 0x00007f08840a1bf0 Unloading class 0x0000000801046800 'java/lang/invoke/LambdaForm$MH+0x0000000801046800'
Event: 164.142 Thread 0x00007f08840a1bf0 Unloading class 0x0000000801046400 'java/lang/invoke/LambdaForm$MH+0x0000000801046400'
Event: 164.142 Thread 0x00007f08840a1bf0 Unloading class 0x0000000800d98400 'java/lang/invoke/LambdaForm$MH+0x0000000800d98400'
Event: 164.142 Thread 0x00007f08840a1bf0 Unloading class 0x0000000800d04000 'java/lang/invoke/LambdaForm$MH+0x0000000800d04000'
Event: 178.778 Thread 0x00007f08840a1bf0 Unloading class 0x00000008010a0400 'jdk/internal/reflect/GeneratedSerializationConstructorAccessor4'
Event: 178.778 Thread 0x00007f08840a1bf0 Unloading class 0x00000008010a0000 'jdk/internal/reflect/GeneratedSerializationConstructorAccessor3'
Event: 178.778 Thread 0x00007f08840a1bf0 Unloading class 0x000000080109cc00 'jdk/internal/reflect/GeneratedSerializationConstructorAccessor2'
Event: 178.778 Thread 0x00007f08840a1bf0 Unloading class 0x000000080109c800 'jdk/internal/reflect/GeneratedSerializationConstructorAccessor1'
Event: 312.576 Thread 0x00007f08840a1bf0 Unloading class 0x00000008011b0400 'jdk/internal/reflect/GeneratedConstructorAccessor34'

Classes redefined (0 events):
No events

Internal exceptions (20 events):
Event: 53.341 Thread 0x00007f080c007280 Exception <a 'java/lang/NoSuchMethodError'{0x00000000f5ac6120}: 'int java.lang.invoke.DirectMethodHandle$Holder.invokeVirtual(java.lang.Object, java.lang.Object)'> (0x00000000f5ac6120) 
thrown [src/hotspot/share/interpreter/linkResolver.cpp, line 758]
Event: 53.945 Thread 0x00007f080c007280 Implicit null exception at 0x00007f0873004569 to 0x00007f087300471b
Event: 54.140 Thread 0x00007f080c007280 Exception <a 'java/lang/NoSuchMethodError'{0x00000000f569c250}: 'int java.lang.invoke.DirectMethodHandle$Holder.invokeVirtual(java.lang.Object, java.lang.Object, java.lang.Object)'> (0x00000000f569c250) 
thrown [src/hotspot/share/interpreter/linkResolver.cpp, line 758]
Event: 56.742 Thread 0x00007f07f415c5b0 Implicit null exception at 0x00007f087312bb22 to 0x00007f087312beb2
Event: 57.458 Thread 0x00007f080c007280 Exception <a 'sun/nio/fs/UnixException'{0x00000000f5f7da28}> (0x00000000f5f7da28) 
thrown [src/hotspot/share/prims/jni.cpp, line 516]
Event: 57.641 Thread 0x00007f080c007280 Exception <a 'sun/nio/fs/UnixException'{0x00000000f67b5fd0}> (0x00000000f67b5fd0) 
thrown [src/hotspot/share/prims/jni.cpp, line 516]
Event: 61.041 Thread 0x00007f07f415c5b0 Exception <a 'java/lang/NoSuchMethodError'{0x00000000f5945178}: 'int java.lang.invoke.DirectMethodHandle$Holder.invokeStatic(java.lang.Object, java.lang.Object, java.lang.Object, int)'> (0x00000000f5945178) 
thrown [src/hotspot/share/interpreter/linkResolver.cpp, line 758]
Event: 63.751 Thread 0x00007f07f415c5b0 Exception <a 'java/lang/NoSuchMethodError'{0x00000000f770c608}: 'java.lang.Object java.lang.invoke.DirectMethodHandle$Holder.invokeStatic(java.lang.Object, int, java.lang.Object, java.lang.Object, java.lang.Object, java.lang.Object)'> (0x00000000f770c608) 
thrown [src/hotspot/share/interpreter/linkResolver.cpp, line 758]
Event: 63.755 Thread 0x00007f07f4160ae0 Exception <a 'java/lang/NoSuchMethodError'{0x00000000f7725138}: 'java.lang.Object java.lang.invoke.Invokers$Holder.linkToTargetMethod(int, java.lang.Object, java.lang.Object, java.lang.Object, java.lang.Object)'> (0x00000000f7725138) 
thrown [src/hotspot/share/interpreter/linkResolver.cpp, line 758]
Event: 64.538 Thread 0x00007f07f415fc50 Exception <a 'java/lang/NoSuchMethodError'{0x00000000f665ff60}: 'void java.lang.invoke.DirectMethodHandle$Holder.invokeSpecial(java.lang.Object, java.lang.Object, int)'> (0x00000000f665ff60) 
thrown [src/hotspot/share/interpreter/linkResolver.cpp, line 758]
Event: 64.538 Thread 0x00007f07f4157e40 Exception <a 'java/lang/NoSuchMethodError'{0x00000000f66acf40}: 'void java.lang.invoke.DirectMethodHandle$Holder.invokeSpecial(java.lang.Object, java.lang.Object, int)'> (0x00000000f66acf40) 
thrown [src/hotspot/share/interpreter/linkResolver.cpp, line 758]
Event: 64.538 Thread 0x00007f07f4156fa0 Exception <a 'java/lang/NoSuchMethodError'{0x00000000f6651198}: 'void java.lang.invoke.DirectMethodHandle$Holder.invokeSpecial(java.lang.Object, java.lang.Object, int)'> (0x00000000f6651198) 
thrown [src/hotspot/share/interpreter/linkResolver.cpp, line 758]
Event: 65.643 Thread 0x00007f07f415c5b0 Exception <a 'java/lang/NoSuchMethodError'{0x00000000f671d030}: 'int java.lang.invoke.DirectMethodHandle$Holder.invokeSpecialIFC(java.lang.Object, java.lang.Object, java.lang.Object, java.lang.Object)'> (0x00000000f671d030) 
thrown [src/hotspot/share/interpreter/linkResolver.cpp, line 758]
Event: 65.643 Thread 0x00007f07f415fc50 Exception <a 'java/lang/NoSuchMethodError'{0x00000000f66dcc70}: 'int java.lang.invoke.DirectMethodHandle$Holder.invokeSpecialIFC(java.lang.Object, java.lang.Object, java.lang.Object, java.lang.Object)'> (0x00000000f66dcc70) 
thrown [src/hotspot/share/interpreter/linkResolver.cpp, line 758]
Event: 69.236 Thread 0x00007f07f008df30 Exception <a 'java/lang/NoSuchMethodError'{0x00000000f6b604c0}: 'java.lang.Object java.lang.invoke.DirectMethodHandle$Holder.invokeStatic(java.lang.Object, java.lang.Object, java.lang.Object, long)'> (0x00000000f6b604c0) 
thrown [src/hotspot/share/interpreter/linkResolver.cpp, line 758]
Event: 69.237 Thread 0x00007f07f008df30 Exception <a 'java/lang/NoSuchMethodError'{0x00000000f6b69a30}: 'java.lang.Object java.lang.invoke.DirectMethodHandle$Holder.newInvokeSpecial(java.lang.Object, java.lang.Object, java.lang.Object, long)'> (0x00000000f6b69a30) 
thrown [src/hotspot/share/interpreter/linkResolver.cpp, line 758]
Event: 69.237 Thread 0x00007f07f008df30 Exception <a 'java/lang/NoSuchMethodError'{0x00000000f6b6ee10}: 'java.lang.Object java.lang.invoke.DirectMethodHandle$Holder.invokeSpecial(java.lang.Object, java.lang.Object, java.lang.Object, java.lang.Object, long)'> (0x00000000f6b6ee10) 
thrown [src/hotspot/share/interpreter/linkResolver.cpp, line 758]
Event: 69.238 Thread 0x00007f07f008df30 Exception <a 'java/lang/NoSuchMethodError'{0x00000000f6b72e20}: 'java.lang.Object java.lang.invoke.Invokers$Holder.linkToTargetMethod(java.lang.Object, java.lang.Object, long, java.lang.Object)'> (0x00000000f6b72e20) 
thrown [src/hotspot/share/interpreter/linkResolver.cpp, line 758]
Event: 85.768 Thread 0x00007f081848e970 Implicit null exception at 0x00007f08731857b2 to 0x00007f08731893f0
Event: 1096.555 Thread 0x00007f08840b21e0 Exception <a 'java/lang/OutOfMemoryError'{0x00000000e000f7d0}> (0x00000000e000f7d0) 
thrown [src/hotspot/share/gc/shared/memAllocator.cpp, line 136]

VM Operations (20 events):
Event: 1079.244 Executing VM operation: ParallelGCFailedAllocation
Event: 1080.584 Executing VM operation: ParallelGCFailedAllocation done
Event: 1080.635 Executing VM operation: ParallelGCFailedAllocation
Event: 1081.983 Executing VM operation: ParallelGCFailedAllocation done
Event: 1081.983 Executing VM operation: ParallelGCFailedAllocation
Event: 1083.568 Executing VM operation: ParallelGCFailedAllocation done
Event: 1083.568 Executing VM operation: ParallelGCFailedAllocation
Event: 1085.071 Executing VM operation: ParallelGCFailedAllocation done
Event: 1085.071 Executing VM operation: ParallelGCFailedAllocation
Event: 1086.483 Executing VM operation: ParallelGCFailedAllocation done
Event: 1086.484 Executing VM operation: ParallelGCFailedAllocation
Event: 1087.867 Executing VM operation: ParallelGCFailedAllocation done
Event: 1087.867 Executing VM operation: ParallelGCFailedAllocation
Event: 1090.743 Executing VM operation: ParallelGCFailedAllocation done
Event: 1090.743 Executing VM operation: ParallelGCFailedAllocation
Event: 1092.238 Executing VM operation: ParallelGCFailedAllocation done
Event: 1092.239 Executing VM operation: ParallelGCFailedAllocation
Event: 1093.681 Executing VM operation: ParallelGCFailedAllocation done
Event: 1093.681 Executing VM operation: ParallelGCFailedAllocation
Event: 1096.555 Executing VM operation: ParallelGCFailedAllocation done

Events (20 events):
Event: 135.937 Thread 0x00007f080c0010d0 Thread exited: 0x00007f080c0010d0
Event: 141.964 Thread 0x00007f080c007280 Thread exited: 0x00007f080c007280
Event: 141.964 Thread 0x00007f07f0000ff0 Thread exited: 0x00007f07f0000ff0
Event: 141.964 Thread 0x00007f080c06f440 Thread exited: 0x00007f080c06f440
Event: 143.636 Thread 0x00007f07f4161f90 Thread added: 0x00007f07f4161f90
Event: 143.637 Protecting memory [0x00007f0831500000,0x00007f0831504000] with protection modes 0
Event: 190.158 Thread 0x00007f07f4161f90 Thread exited: 0x00007f07f4161f90
Event: 385.184 Thread 0x00007f07b80014c0 Thread added: 0x00007f07b80014c0
Event: 385.184 Protecting memory [0x00007f0831500000,0x00007f0831504000] with protection modes 0
Event: 417.059 Thread 0x00007f07f4158cd0 Thread added: 0x00007f07f4158cd0
Event: 417.059 Protecting memory [0x00007f0830f00000,0x00007f0830f04000] with protection modes 0
Event: 538.805 Thread 0x00007f07f4161f90 Thread added: 0x00007f07f4161f90
Event: 538.805 Protecting memory [0x00007f0868700000,0x00007f0868704000] with protection modes 0
Event: 605.938 Thread 0x00007f07f4157e40 Thread added: 0x00007f07f4157e40
Event: 605.938 Protecting memory [0x00007f0868100000,0x00007f0868104000] with protection modes 0
Event: 651.141 Thread 0x00007f07f41d2520 Thread added: 0x00007f07f41d2520
Event: 651.141 Protecting memory [0x00007f0831a00000,0x00007f0831a04000] with protection modes 0
Event: 766.412 Thread 0x00007f080c007280 Thread added: 0x00007f080c007280
Event: 766.412 Protecting memory [0x00007f0831100000,0x00007f0831104000] with protection modes 0
Event: 804.553 Thread 0x00007f080c007280 Thread exited: 0x00007f080c007280


Dynamic libraries:
e0000000-f5580000 rw-p 00000000 00:00 0 
f5580000-fa900000 rw-p 00000000 00:00 0 
fa900000-100000000 ---p 00000000 00:00 0 
800000000-800449000 rw-p 00001000 00:9b9 4611686019135357769             /nix/store/gpxl5qgg8kicmcvivwmybwjlpf7wh20l-graalvm17-ce-22.3.0/lib/server/classes.jsa
800449000-800bc8000 r--p 0044a000 00:9b9 4611686019135357769             /nix/store/gpxl5qgg8kicmcvivwmybwjlpf7wh20l-graalvm17-ce-22.3.0/lib/server/classes.jsa
800bc8000-800c00000 ---p 00000000 00:00 0 
800c00000-800c20000 rw-p 00000000 00:00 0 
800c20000-800c40000 rw-p 00000000 00:00 0 
800c40000-800cc0000 rw-p 00000000 00:00 0 
800cc0000-800d00000 rw-p 00000000 00:00 0 
800d00000-800dc0000 rw-p 00000000 00:00 0 
800dc0000-800e00000 rw-p 00000000 00:00 0 
800e00000-800f40000 rw-p 00000000 00:00 0 
800f40000-800fc0000 rw-p 00000000 00:00 0 
800fc0000-800ff0000 rw-p 00000000 00:00 0 
800ff0000-801000000 ---p 00000000 00:00 0 
801000000-8011d0000 rw-p 00000000 00:00 0 
8011d0000-840c00000 ---p 00000000 00:00 0 
55ef94386000-55ef94387000 r-xp 00000000 00:9b9 4611686019099417844       /nix/store/gpxl5qgg8kicmcvivwmybwjlpf7wh20l-graalvm17-ce-22.3.0/bin/.java-wrapped
55ef94388000-55ef94389000 r--p 00001000 00:9b9 4611686019099417844       /nix/store/gpxl5qgg8kicmcvivwmybwjlpf7wh20l-graalvm17-ce-22.3.0/bin/.java-wrapped
55ef94389000-55ef9438a000 rw-p 00002000 00:9b9 4611686019099417844       /nix/store/gpxl5qgg8kicmcvivwmybwjlpf7wh20l-graalvm17-ce-22.3.0/bin/.java-wrapped
55ef9438a000-55ef9438b000 rw-p 00004000 00:9b9 4611686019099417844       /nix/store/gpxl5qgg8kicmcvivwmybwjlpf7wh20l-graalvm17-ce-22.3.0/bin/.java-wrapped
55ef9438b000-55ef9438c000 rw-p 00005000 00:9b9 4611686019099417844       /nix/store/gpxl5qgg8kicmcvivwmybwjlpf7wh20l-graalvm17-ce-22.3.0/bin/.java-wrapped
55ef961aa000-55ef961f2000 rw-p 00000000 00:00 0                          [heap]
7f07a8000000-7f07a8038000 rw-p 00000000 00:00 0 
7f07a8038000-7f07ac000000 ---p 00000000 00:00 0 
7f07ac000000-7f07ac05a000 rw-p 00000000 00:00 0 
7f07ac05a000-7f07b0000000 ---p 00000000 00:00 0 
7f07b0000000-7f07b0025000 rw-p 00000000 00:00 0 
7f07b0025000-7f07b4000000 ---p 00000000 00:00 0 
7f07b4000000-7f07b405f000 rw-p 00000000 00:00 0 
7f07b405f000-7f07b8000000 ---p 00000000 00:00 0 
7f07b8000000-7f07b8021000 rw-p 00000000 00:00 0 
7f07b8021000-7f07bc000000 ---p 00000000 00:00 0 
7f07bc000000-7f07bc065000 rw-p 00000000 00:00 0 
7f07bc065000-7f07c0000000 ---p 00000000 00:00 0 
7f07c0000000-7f07c0037000 rw-p 00000000 00:00 0 
7f07c0037000-7f07c4000000 ---p 00000000 00:00 0 
7f07c4000000-7f07c4065000 rw-p 00000000 00:00 0 
7f07c4065000-7f07c8000000 ---p 00000000 00:00 0 
7f07c8000000-7f07c804a000 rw-p 00000000 00:00 0 
7f07c804a000-7f07cc000000 ---p 00000000 00:00 0 
7f07cc000000-7f07cc02d000 rw-p 00000000 00:00 0 
7f07cc02d000-7f07d0000000 ---p 00000000 00:00 0 
7f07d0000000-7f07d002d000 rw-p 00000000 00:00 0 
7f07d002d000-7f07d4000000 ---p 00000000 00:00 0 
7f07d4000000-7f07d4070000 rw-p 00000000 00:00 0 
7f07d4070000-7f07d8000000 ---p 00000000 00:00 0 
7f07d8000000-7f07d8021000 rw-p 00000000 00:00 0 
7f07d8021000-7f07dc000000 ---p 00000000 00:00 0 
7f07dd000000-7f07dd320000 rw-p 00000000 00:00 0 
7f07dd320000-7f07dd800000 ---p 00000000 00:00 0 
7f07ddc00000-7f07de400000 rw-p 00000000 00:00 0 
7f07de4b3000-7f07e8000000 r--s 00000000 00:9b9 4611686019135192581       /nix/store/gpxl5qgg8kicmcvivwmybwjlpf7wh20l-graalvm17-ce-22.3.0/lib/modules
7f07e8000000-7f07e8037000 rw-p 00000000 00:00 0 
7f07e8037000-7f07ec000000 ---p 00000000 00:00 0 
7f07ec000000-7f07ec021000 rw-p 00000000 00:00 0 
7f07ec021000-7f07f0000000 ---p 00000000 00:00 0 
7f07f0000000-7f07f0120000 rw-p 00000000 00:00 0 
7f07f0120000-7f07f4000000 ---p 00000000 00:00 0 
7f07f4000000-7f07f41f1000 rw-p 00000000 00:00 0 
7f07f41f1000-7f07f8000000 ---p 00000000 00:00 0 
7f07f8000000-7f07f8021000 rw-p 00000000 00:00 0 
7f07f8021000-7f07fc000000 ---p 00000000 00:00 0 
7f07fc000000-7f07fc021000 rw-p 00000000 00:00 0 
7f07fc021000-7f0800000000 ---p 00000000 00:00 0 
7f0800000000-7f08002e8000 rw-p 00000000 00:00 0 
7f08002e8000-7f0804000000 ---p 00000000 00:00 0 
7f0804000000-7f080406a000 rw-p 00000000 00:00 0 
7f080406a000-7f0808000000 ---p 00000000 00:00 0 
7f0808000000-7f0808021000 rw-p 00000000 00:00 0 
7f0808021000-7f080c000000 ---p 00000000 00:00 0 
7f080c000000-7f080c080000 rw-p 00000000 00:00 0 
7f080c080000-7f0810000000 ---p 00000000 00:00 0 
7f0810000000-7f0810021000 rw-p 00000000 00:00 0 
7f0810021000-7f0814000000 ---p 00000000 00:00 0 
7f0814000000-7f08140c9000 rw-p 00000000 00:00 0 
7f08140c9000-7f0818000000 ---p 00000000 00:00 0 
7f0818000000-7f08188ba000 rw-p 00000000 00:00 0 
7f08188ba000-7f081c000000 ---p 00000000 00:00 0 
7f081c000000-7f081c028000 rw-p 00000000 00:00 0 
7f081c028000-7f0820000000 ---p 00000000 00:00 0 
7f0820000000-7f0820021000 rw-p 00000000 00:00 0 
7f0820021000-7f0824000000 ---p 00000000 00:00 0 
7f0824000000-7f0824021000 rw-p 00000000 00:00 0 
7f0824021000-7f0828000000 ---p 00000000 00:00 0 
7f0828000000-7f0828021000 rw-p 00000000 00:00 0 
7f0828021000-7f082c000000 ---p 00000000 00:00 0 
7f082c400000-7f082c5c0000 rw-p 00000000 00:00 0 
7f082c5c0000-7f082c600000 rw-p 00000000 00:00 0 
7f082c600000-7f082c900000 rw-p 00000000 00:00 0 
7f082c900000-7f082ca00000 rw-p 00000000 00:00 0 
7f082ca00000-7f082cc00000 rw-p 00000000 00:00 0 
7f082cc00000-7f082cc80000 rw-p 00000000 00:00 0 
7f082cc80000-7f082cd00000 rw-p 00000000 00:00 0 
7f082cd00000-7f082cec0000 rw-p 00000000 00:00 0 
7f082cec0000-7f082cf00000 rw-p 00000000 00:00 0 
7f082cf00000-7f082d100000 rw-p 00000000 00:00 0 
7f082d100000-7f082d400000 rw-p 00000000 00:00 0 
7f082d400000-7f082d500000 rw-p 00000000 00:00 0 
7f082d500000-7f082db80000 rw-p 00000000 00:00 0 
7f082db80000-7f082dc00000 rw-p 00000000 00:00 0 
7f082dc00000-7f082dd00000 rw-p 00000000 00:00 0 
7f082dd00000-7f082de00000 rw-p 00000000 00:00 0 
7f082de00000-7f082e380000 rw-p 00000000 00:00 0 
7f082e380000-7f082e400000 rw-p 00000000 00:00 0 
7f082e600000-7f082e610000 r-xp 00000000 00:967 353                       /home/runner/.cache/jdt-language-server/config/org.eclipse.equinox.launcher/org.eclipse.equinox.launcher.gtk.linux.x86_64_1.2.400.v20211117-0650/eclipse_11600.so
7f082e610000-7f082e80f000 ---p 00010000 00:967 353                       /home/runner/.cache/jdt-language-server/config/org.eclipse.equinox.launcher/org.eclipse.equinox.launcher.gtk.linux.x86_64_1.2.400.v20211117-0650/eclipse_11600.so
7f082e80f000-7f082e810000 r--p 0000f000 00:967 353                       /home/runner/.cache/jdt-language-server/config/org.eclipse.equinox.launcher/org.eclipse.equinox.launcher.gtk.linux.x86_64_1.2.400.v20211117-0650/eclipse_11600.so
7f082e810000-7f082e811000 rw-p 00010000 00:967 353                       /home/runner/.cache/jdt-language-server/config/org.eclipse.equinox.launcher/org.eclipse.equinox.launcher.gtk.linux.x86_64_1.2.400.v20211117-0650/eclipse_11600.so
7f082eb00000-7f082ec00000 ---p 00000000 00:00 0 
7f082ec00000-7f082f1af000 r--p 01122000 00:9b9 4611686019135190040       /nix/store/gpxl5qgg8kicmcvivwmybwjlpf7wh20l-graalvm17-ce-22.3.0/lib/libjvmcicompiler.so
7f082f1af000-7f082f300000 r--p 00000000 00:00 0 
7f082f300000-7f082f33d000 rw-p 00000000 00:00 0 
7f082f33d000-7f082f85d000 rw-p 0185f000 00:9b9 4611686019135190040       /nix/store/gpxl5qgg8kicmcvivwmybwjlpf7wh20l-graalvm17-ce-22.3.0/lib/libjvmcicompiler.so
7f082f85d000-7f082fc44000 r--p 01d7f000 00:9b9 4611686019135190040       /nix/store/gpxl5qgg8kicmcvivwmybwjlpf7wh20l-graalvm17-ce-22.3.0/lib/libjvmcicompiler.so
7f082fd00000-7f082fd04000 ---p 00000000 00:00 0 
7f082fd04000-7f082fe00000 rw-p 00000000 00:00 0 
7f082ff00000-7f082ff04000 ---p 00000000 00:00 0 
7f082ff04000-7f0830000000 rw-p 00000000 00:00 0 
7f0830100000-7f0830104000 ---p 00000000 00:00 0 
7f0830104000-7f0830200000 rw-p 00000000 00:00 0 
7f0830300000-7f0830304000 ---p 00000000 00:00 0 
7f0830304000-7f0830400000 rw-p 00000000 00:00 0 
7f0830500000-7f0830504000 ---p 00000000 00:00 0 
7f0830504000-7f0830600000 rw-p 00000000 00:00 0 
7f0830700000-7f0830704000 ---p 00000000 00:00 0 
7f0830704000-7f0830800000 rw-p 00000000 00:00 0 
7f0830900000-7f0830904000 ---p 00000000 00:00 0 
7f0830904000-7f0830a00000 rw-p 00000000 00:00 0 
7f0830b00000-7f0830b04000 ---p 00000000 00:00 0 
7f0830b04000-7f0830c00000 rw-p 00000000 00:00 0 
7f0830c00000-7f0830c04000 ---p 00000000 00:00 0 
7f0830c04000-7f0830d00000 rw-p 00000000 00:00 0 
7f0830d00000-7f0830d04000 ---p 00000000 00:00 0 
7f0830d04000-7f0830e00000 rw-p 00000000 00:00 0 
7f0830e00000-7f0830e04000 ---p 00000000 00:00 0 
7f0830e04000-7f0830f00000 rw-p 00000000 00:00 0 
7f0830f00000-7f0830f04000 ---p 00000000 00:00 0 
7f0830f04000-7f0831000000 rw-p 00000000 00:00 0 
7f0831100000-7f0831104000 ---p 00000000 00:00 0 
7f0831104000-7f0831200000 rw-p 00000000 00:00 0 
7f0831200000-7f0831204000 ---p 00000000 00:00 0 
7f0831204000-7f0831300000 rw-p 00000000 00:00 0 
7f0831300000-7f0831304000 ---p 00000000 00:00 0 
7f0831304000-7f0831400000 rw-p 00000000 00:00 0 
7f0831500000-7f0831504000 ---p 00000000 00:00 0 
7f0831504000-7f0831600000 rw-p 00000000 00:00 0 
7f0831700000-7f0831704000 ---p 00000000 00:00 0 
7f0831704000-7f0831800000 rw-p 00000000 00:00 0 
7f0831900000-7f0831904000 ---p 00000000 00:00 0 
7f0831904000-7f0831a00000 rw-p 00000000 00:00 0 
7f0831a00000-7f0831a04000 ---p 00000000 00:00 0 
7f0831a04000-7f0831b00000 rw-p 00000000 00:00 0 
7f0831b00000-7f0831b04000 ---p 00000000 00:00 0 
7f0831b04000-7f0831c00000 rw-p 00000000 00:00 0 
7f0831c00000-7f0833d6a000 r-xp 00000000 00:9b9 4611686019135190040       /nix/store/gpxl5qgg8kicmcvivwmybwjlpf7wh20l-graalvm17-ce-22.3.0/lib/libjvmcicompiler.so
7f0833d6a000-7f0833f69000 ---p 0216a000 00:9b9 4611686019135190040       /nix/store/gpxl5qgg8kicmcvivwmybwjlpf7wh20l-graalvm17-ce-22.3.0/lib/libjvmcicompiler.so
7f0833f69000-7f0833f6a000 r--p 02169000 00:9b9 4611686019135190040       /nix/store/gpxl5qgg8kicmcvivwmybwjlpf7wh20l-graalvm17-ce-22.3.0/lib/libjvmcicompiler.so
7f0833f6a000-7f0833f6c000 rw-p 0216a000 00:9b9 4611686019135190040       /nix/store/gpxl5qgg8kicmcvivwmybwjlpf7wh20l-graalvm17-ce-22.3.0/lib/libjvmcicompiler.so
7f0833f6c000-7f0833f6d000 rw-p 00000000 00:00 0 
7f0833f6d000-7f0833f72000 rw-p 023c3000 00:9b9 4611686019135190040       /nix/store/gpxl5qgg8kicmcvivwmybwjlpf7wh20l-graalvm17-ce-22.3.0/lib/libjvmcicompiler.so
7f0834000000-7f0834021000 rw-p 00000000 00:00 0 
7f0834021000-7f0838000000 ---p 00000000 00:00 0 
7f0838000000-7f0838021000 rw-p 00000000 00:00 0 
7f0838021000-7f083c000000 ---p 00000000 00:00 0 
7f083c000000-7f083c021000 rw-p 00000000 00:00 0 
7f083c021000-7f0840000000 ---p 00000000 00:00 0 
7f0840000000-7f0840021000 rw-p 00000000 00:00 0 
7f0840021000-7f0844000000 ---p 00000000 00:00 0 
7f0844000000-7f08440eb000 rw-p 00000000 00:00 0 
7f08440eb000-7f0848000000 ---p 00000000 00:00 0 
7f0848000000-7f0848b99000 rw-p 00000000 00:00 0 
7f0848b99000-7f084c000000 ---p 00000000 00:00 0 
7f084c000000-7f084c021000 rw-p 00000000 00:00 0 
7f084c021000-7f0850000000 ---p 00000000 00:00 0 
7f0850000000-7f0850021000 rw-p 00000000 00:00 0 
7f0850021000-7f0854000000 ---p 00000000 00:00 0 
7f0854000000-7f0854021000 rw-p 00000000 00:00 0 
7f0854021000-7f0858000000 ---p 00000000 00:00 0 
7f0858000000-7f0858021000 rw-p 00000000 00:00 0 
7f0858021000-7f085c000000 ---p 00000000 00:00 0 
7f085c000000-7f085c021000 rw-p 00000000 00:00 0 
7f085c021000-7f0860000000 ---p 00000000 00:00 0 
7f0860000000-7f0860021000 rw-p 00000000 00:00 0 
7f0860021000-7f0864000000 ---p 00000000 00:00 0 
7f0864000000-7f0864068000 rw-p 00000000 00:00 0 
7f0864068000-7f0868000000 ---p 00000000 00:00 0 
7f0868100000-7f0868104000 ---p 00000000 00:00 0 
7f0868104000-7f0868200000 rw-p 00000000 00:00 0 
7f0868300000-7f0868304000 ---p 00000000 00:00 0 
7f0868304000-7f0868400000 rw-p 00000000 00:00 0 
7f0868500000-7f0868504000 ---p 00000000 00:00 0 
7f0868504000-7f0868600000 rw-p 00000000 00:00 0 
7f0868700000-7f0868704000 ---p 00000000 00:00 0 
7f0868704000-7f0868800000 rw-p 00000000 00:00 0 
7f0868900000-7f0868904000 ---p 00000000 00:00 0 
7f0868904000-7f0868a00000 rw-p 00000000 00:00 0 
7f0868a00000-7f0868a04000 ---p 00000000 00:00 0 
7f0868a04000-7f0868b00000 rw-p 00000000 00:00 0 
7f0868b00000-7f0868b04000 ---p 00000000 00:00 0 
7f0868b04000-7f0868c00000 rw-p 00000000 00:00 0 
7f0868d00000-7f0868d04000 ---p 00000000 00:00 0 
7f0868d04000-7f0868e00000 rw-p 00000000 00:00 0 
7f0868f00000-7f0868f04000 ---p 00000000 00:00 0 
7f0868f04000-7f0869000000 rw-p 00000000 00:00 0 
7f0869100000-7f0869104000 ---p 00000000 00:00 0 
7f0869104000-7f0869200000 rw-p 00000000 00:00 0 
7f0869e68000-7f086a300000 rw-p 00000000 00:00 0 
7f086a3fe000-7f086a3ff000 ---p 00000000 00:00 0 
7f086a3ff000-7f086a500000 rw-p 00000000 00:00 0 
7f086a500000-7f086a504000 ---p 00000000 00:00 0 
7f086a504000-7f086a600000 rw-p 00000000 00:00 0 
7f086a600000-7f086a604000 ---p 00000000 00:00 0 
7f086a604000-7f086a700000 rw-p 00000000 00:00 0 
7f086a700000-7f086a704000 ---p 00000000 00:00 0 
7f086a704000-7f086a800000 rw-p 00000000 00:00 0 
7f086a800000-7f086a804000 ---p 00000000 00:00 0 
7f086a804000-7f086aa00000 rw-p 00000000 00:00 0 
7f086aa00000-7f086aa04000 ---p 00000000 00:00 0 
7f086aa04000-7f086b000000 rw-p 00000000 00:00 0 
7f086b000000-7f086b1e0000 rw-p 00000000 00:00 0 
7f086b1e0000-7f086b200000 rw-p 00000000 00:00 0 
7f086b200000-7f086b300000 rw-p 00000000 00:00 0 
7f086b300000-7f086b400000 rw-p 00000000 00:00 0 
7f086b465000-7f086b467000 r-xp 00000000 00:9b9 4611686019135190017       /nix/store/gpxl5qgg8kicmcvivwmybwjlpf7wh20l-graalvm17-ce-22.3.0/lib/libextnet.so
7f086b467000-7f086b468000 r--p 00001000 00:9b9 4611686019135190017       /nix/store/gpxl5qgg8kicmcvivwmybwjlpf7wh20l-graalvm17-ce-22.3.0/lib/libextnet.so
7f086b468000-7f086b469000 rw-p 00002000 00:9b9 4611686019135190017       /nix/store/gpxl5qgg8kicmcvivwmybwjlpf7wh20l-graalvm17-ce-22.3.0/lib/libextnet.so
7f086b469000-7f086b46a000 rw-p 00004000 00:9b9 4611686019135190017       /nix/store/gpxl5qgg8kicmcvivwmybwjlpf7wh20l-graalvm17-ce-22.3.0/lib/libextnet.so
7f086b46a000-7f086b46e000 ---p 00000000 00:00 0 
7f086b46e000-7f086b48c000 rw-p 00000000 00:00 0 
7f086b48c000-7f086b493000 r-xp 00000000 00:9b9 4611686019135192580       /nix/store/gpxl5qgg8kicmcvivwmybwjlpf7wh20l-graalvm17-ce-22.3.0/lib/libzip.so
7f086b493000-7f086b494000 ---p 00007000 00:9b9 4611686019135192580       /nix/store/gpxl5qgg8kicmcvivwmybwjlpf7wh20l-graalvm17-ce-22.3.0/lib/libzip.so
7f086b494000-7f086b495000 r--p 00007000 00:9b9 4611686019135192580       /nix/store/gpxl5qgg8kicmcvivwmybwjlpf7wh20l-graalvm17-ce-22.3.0/lib/libzip.so
7f086b495000-7f086b496000 rw-p 00008000 00:9b9 4611686019135192580       /nix/store/gpxl5qgg8kicmcvivwmybwjlpf7wh20l-graalvm17-ce-22.3.0/lib/libzip.so
7f086b496000-7f086b498000 rw-p 0000b000 00:9b9 4611686019135192580       /nix/store/gpxl5qgg8kicmcvivwmybwjlpf7wh20l-graalvm17-ce-22.3.0/lib/libzip.so
7f086b498000-7f086b4ad000 r-xp 00000000 00:9b9 4611686019135192570       /nix/store/gpxl5qgg8kicmcvivwmybwjlpf7wh20l-graalvm17-ce-22.3.0/lib/libnet.so
7f086b4ad000-7f086b4ae000 ---p 00015000 00:9b9 4611686019135192570       /nix/store/gpxl5qgg8kicmcvivwmybwjlpf7wh20l-graalvm17-ce-22.3.0/lib/libnet.so
7f086b4ae000-7f086b4af000 r--p 00015000 00:9b9 4611686019135192570       /nix/store/gpxl5qgg8kicmcvivwmybwjlpf7wh20l-graalvm17-ce-22.3.0/lib/libnet.so
7f086b4af000-7f086b4b0000 rw-p 00016000 00:9b9 4611686019135192570       /nix/store/gpxl5qgg8kicmcvivwmybwjlpf7wh20l-graalvm17-ce-22.3.0/lib/libnet.so
7f086b4b0000-7f086b4b3000 rw-p 0001b000 00:9b9 4611686019135192570       /nix/store/gpxl5qgg8kicmcvivwmybwjlpf7wh20l-graalvm17-ce-22.3.0/lib/libnet.so
7f086b4b3000-7f086b723000 rwxp 00000000 00:00 0 
7f086b723000-7f086ba42000 ---p 00000000 00:00 0 
7f086ba42000-7f086ca92000 rwxp 00000000 00:00 0 
7f086ca92000-7f0872f7a000 ---p 00000000 00:00 0 
7f0872f7a000-7f087321a000 rwxp 00000000 00:00 0 
7f087321a000-7f087a4b3000 ---p 00000000 00:00 0 
7f087a4b3000-7f0884000000 r--s 00000000 00:9b9 4611686019135192581       /nix/store/gpxl5qgg8kicmcvivwmybwjlpf7wh20l-graalvm17-ce-22.3.0/lib/modules
7f0884000000-7f0884609000 rw-p 00000000 00:00 0 
7f0884609000-7f0888000000 ---p 00000000 00:00 0 
7f0888004000-7f0888017000 r-xp 00000000 00:9b9 4611686019135192571       /nix/store/gpxl5qgg8kicmcvivwmybwjlpf7wh20l-graalvm17-ce-22.3.0/lib/libnio.so
7f0888017000-7f0888018000 r--p 00012000 00:9b9 4611686019135192571       /nix/store/gpxl5qgg8kicmcvivwmybwjlpf7wh20l-graalvm17-ce-22.3.0/lib/libnio.so
7f0888018000-7f0888019000 rw-p 00013000 00:9b9 4611686019135192571       /nix/store/gpxl5qgg8kicmcvivwmybwjlpf7wh20l-graalvm17-ce-22.3.0/lib/libnio.so
7f0888019000-7f088801e000 rw-p 00019000 00:9b9 4611686019135192571       /nix/store/gpxl5qgg8kicmcvivwmybwjlpf7wh20l-graalvm17-ce-22.3.0/lib/libnio.so
7f088801e000-7f0888022000 ---p 00000000 00:00 0 
7f0888022000-7f088811e000 rw-p 00000000 00:00 0 
7f088811e000-7f0888122000 ---p 00000000 00:00 0 
7f0888122000-7f088821e000 rw-p 00000000 00:00 0 
7f088821e000-7f0888222000 ---p 00000000 00:00 0 
7f0888222000-7f088831e000 rw-p 00000000 00:00 0 
7f088831e000-7f0888604000 r--p 00000000 00:879 28444448                  /usr/lib/locale/locale-archive
7f0888604000-7f0888608000 ---p 00000000 00:00 0 
7f0888608000-7f0888704000 rw-p 00000000 00:00 0 
7f0888704000-7f0888708000 ---p 00000000 00:00 0 
7f0888708000-7f0888804000 rw-p 00000000 00:00 0 
7f0888804000-7f0888805000 ---p 00000000 00:00 0 
7f0888805000-7f0888906000 rw-p 00000000 00:00 0 
7f0888906000-7f08889d4000 r-xp 00000000 00:9b9 4611686019135190036       /nix/store/gpxl5qgg8kicmcvivwmybwjlpf7wh20l-graalvm17-ce-22.3.0/lib/libjsvml.so
7f08889d4000-7f08889d5000 r--p 000cd000 00:9b9 4611686019135190036       /nix/store/gpxl5qgg8kicmcvivwmybwjlpf7wh20l-graalvm17-ce-22.3.0/lib/libjsvml.so
7f08889d5000-7f08889d6000 rw-p 000ce000 00:9b9 4611686019135190036       /nix/store/gpxl5qgg8kicmcvivwmybwjlpf7wh20l-graalvm17-ce-22.3.0/lib/libjsvml.so
7f08889d6000-7f088a2ae000 rw-p 00000000 00:00 0 
7f088a2ae000-7f088a2af000 ---p 00000000 00:00 0 
7f088a2af000-7f088a45a000 rw-p 00000000 00:00 0 
7f088a45a000-7f088a485000 rw-p 00000000 00:00 0 
7f088a485000-7f088a4b0000 ---p 00000000 00:00 0 
7f088a4b0000-7f088a4b7000 rw-p 00000000 00:00 0 
7f088a4b7000-7f088a59c000 ---p 00000000 00:00 0 
7f088a59c000-7f088a5bd000 rw-p 00000000 00:00 0 
7f088a5bd000-7f088a687000 ---p 00000000 00:00 0 
7f088a687000-7f088a68c000 rw-p 00000000 00:00 0 
7f088a68c000-7f088a693000 ---p 00000000 00:00 0 
7f088a693000-7f088a6b7000 r-xp 00000000 00:9b9 4611686019135190028       /nix/store/gpxl5qgg8kicmcvivwmybwjlpf7wh20l-graalvm17-ce-22.3.0/lib/libjava.so
7f088a6b7000-7f088a6b8000 ---p 00024000 00:9b9 4611686019135190028       /nix/store/gpxl5qgg8kicmcvivwmybwjlpf7wh20l-graalvm17-ce-22.3.0/lib/libjava.so
7f088a6b8000-7f088a6b9000 r--p 00024000 00:9b9 4611686019135190028       /nix/store/gpxl5qgg8kicmcvivwmybwjlpf7wh20l-graalvm17-ce-22.3.0/lib/libjava.so
7f088a6b9000-7f088a6ba000 rw-p 00025000 00:9b9 4611686019135190028       /nix/store/gpxl5qgg8kicmcvivwmybwjlpf7wh20l-graalvm17-ce-22.3.0/lib/libjava.so
7f088a6ba000-7f088a6bb000 rw-p 00000000 00:00 0 
7f088a6bb000-7f088a6c2000 rw-p 0002f000 00:9b9 4611686019135190028       /nix/store/gpxl5qgg8kicmcvivwmybwjlpf7wh20l-graalvm17-ce-22.3.0/lib/libjava.so
7f088a6c2000-7f088a6ca000 rw-s 00000000 00:e86 350                       /tmp/hsperfdata_runner/19
7f088a6ca000-7f088a6cb000 ---p 00000000 00:00 0 
7f088a6cb000-7f088a6cc000 r--p 00000000 00:00 0 
7f088a6cc000-7f088a6cd000 rwxp 00000000 00:00 0 
7f088a6cd000-7f088a6e8000 r-xp 00000000 00:9b9 4611686019135190032       /nix/store/gpxl5qgg8kicmcvivwmybwjlpf7wh20l-graalvm17-ce-22.3.0/lib/libjimage.so
7f088a6e8000-7f088a6e9000 ---p 0001b000 00:9b9 4611686019135190032       /nix/store/gpxl5qgg8kicmcvivwmybwjlpf7wh20l-graalvm17-ce-22.3.0/lib/libjimage.so
7f088a6e9000-7f088a6eb000 r--p 0001b000 00:9b9 4611686019135190032       /nix/store/gpxl5qgg8kicmcvivwmybwjlpf7wh20l-graalvm17-ce-22.3.0/lib/libjimage.so
7f088a6eb000-7f088a6ec000 rw-p 0001d000 00:9b9 4611686019135190032       /nix/store/gpxl5qgg8kicmcvivwmybwjlpf7wh20l-graalvm17-ce-22.3.0/lib/libjimage.so
7f088a6ec000-7f088a6ed000 rw-p 00024000 00:9b9 4611686019135190032       /nix/store/gpxl5qgg8kicmcvivwmybwjlpf7wh20l-graalvm17-ce-22.3.0/lib/libjimage.so
7f088a6ed000-7f088a6f1000 ---p 00000000 00:00 0 
7f088a6f1000-7f088a7ed000 rw-p 00000000 00:00 0 
7f088a7ed000-7f088a7fb000 r--p 00000000 00:9b9 4611686019027979927       /nix/store/4nlgxhb09sdr51nc9hdm8az5b08vzkgx-glibc-2.35-163/lib/libm.so.6
7f088a7fb000-7f088a86e000 r-xp 0000e000 00:9b9 4611686019027979927       /nix/store/4nlgxhb09sdr51nc9hdm8az5b08vzkgx-glibc-2.35-163/lib/libm.so.6
7f088a86e000-7f088a8cb000 r--p 00081000 00:9b9 4611686019027979927       /nix/store/4nlgxhb09sdr51nc9hdm8az5b08vzkgx-glibc-2.35-163/lib/libm.so.6
7f088a8cb000-7f088a8cc000 r--p 000dd000 00:9b9 4611686019027979927       /nix/store/4nlgxhb09sdr51nc9hdm8az5b08vzkgx-glibc-2.35-163/lib/libm.so.6
7f088a8cc000-7f088a8cd000 rw-p 000de000 00:9b9 4611686019027979927       /nix/store/4nlgxhb09sdr51nc9hdm8az5b08vzkgx-glibc-2.35-163/lib/libm.so.6
7f088a8cd000-7f088a8ce000 r--p 00000000 00:9b9 4611686019027979946       /nix/store/4nlgxhb09sdr51nc9hdm8az5b08vzkgx-glibc-2.35-163/lib/librt.so.1
7f088a8ce000-7f088a8cf000 r-xp 00001000 00:9b9 4611686019027979946       /nix/store/4nlgxhb09sdr51nc9hdm8az5b08vzkgx-glibc-2.35-163/lib/librt.so.1
7f088a8cf000-7f088a8d0000 r--p 00002000 00:9b9 4611686019027979946       /nix/store/4nlgxhb09sdr51nc9hdm8az5b08vzkgx-glibc-2.35-163/lib/librt.so.1
7f088a8d0000-7f088a8d1000 r--p 00002000 00:9b9 4611686019027979946       /nix/store/4nlgxhb09sdr51nc9hdm8az5b08vzkgx-glibc-2.35-163/lib/librt.so.1
7f088a8d1000-7f088a8d2000 rw-p 00003000 00:9b9 4611686019027979946       /nix/store/4nlgxhb09sdr51nc9hdm8az5b08vzkgx-glibc-2.35-163/lib/librt.so.1
7f088a8d2000-7f088b9e5000 r-xp 00000000 00:9b9 4611686019135360866       /nix/store/gpxl5qgg8kicmcvivwmybwjlpf7wh20l-graalvm17-ce-22.3.0/lib/server/libjvm.so
7f088b9e5000-7f088b9e6000 ---p 01113000 00:9b9 4611686019135360866       /nix/store/gpxl5qgg8kicmcvivwmybwjlpf7wh20l-graalvm17-ce-22.3.0/lib/server/libjvm.so
7f088b9e6000-7f088ba9b000 r--p 01113000 00:9b9 4611686019135360866       /nix/store/gpxl5qgg8kicmcvivwmybwjlpf7wh20l-graalvm17-ce-22.3.0/lib/server/libjvm.so
7f088ba9b000-7f088bacf000 rw-p 011c8000 00:9b9 4611686019135360866       /nix/store/gpxl5qgg8kicmcvivwmybwjlpf7wh20l-graalvm17-ce-22.3.0/lib/server/libjvm.so
7f088bacf000-7f088bb2b000 rw-p 00000000 00:00 0 
7f088bb2b000-7f088bb53000 r--p 00000000 00:9b9 4611686019027979918       /nix/store/4nlgxhb09sdr51nc9hdm8az5b08vzkgx-glibc-2.35-163/lib/libc.so.6
7f088bb53000-7f088bcc9000 r-xp 00028000 00:9b9 4611686019027979918       /nix/store/4nlgxhb09sdr51nc9hdm8az5b08vzkgx-glibc-2.35-163/lib/libc.so.6
7f088bcc9000-7f088bd21000 r--p 0019e000 00:9b9 4611686019027979918       /nix/store/4nlgxhb09sdr51nc9hdm8az5b08vzkgx-glibc-2.35-163/lib/libc.so.6
7f088bd21000-7f088bd25000 r--p 001f6000 00:9b9 4611686019027979918       /nix/store/4nlgxhb09sdr51nc9hdm8az5b08vzkgx-glibc-2.35-163/lib/libc.so.6
7f088bd25000-7f088bd27000 rw-p 001fa000 00:9b9 4611686019027979918       /nix/store/4nlgxhb09sdr51nc9hdm8az5b08vzkgx-glibc-2.35-163/lib/libc.so.6
7f088bd27000-7f088bd36000 rw-p 00000000 00:00 0 
7f088bd36000-7f088bd37000 r--p 00000000 00:9b9 4611686019027979923       /nix/store/4nlgxhb09sdr51nc9hdm8az5b08vzkgx-glibc-2.35-163/lib/libdl.so.2
7f088bd37000-7f088bd38000 r-xp 00001000 00:9b9 4611686019027979923       /nix/store/4nlgxhb09sdr51nc9hdm8az5b08vzkgx-glibc-2.35-163/lib/libdl.so.2
7f088bd38000-7f088bd39000 r--p 00002000 00:9b9 4611686019027979923       /nix/store/4nlgxhb09sdr51nc9hdm8az5b08vzkgx-glibc-2.35-163/lib/libdl.so.2
7f088bd39000-7f088bd3a000 r--p 00002000 00:9b9 4611686019027979923       /nix/store/4nlgxhb09sdr51nc9hdm8az5b08vzkgx-glibc-2.35-163/lib/libdl.so.2
7f088bd3a000-7f088bd3b000 rw-p 00003000 00:9b9 4611686019027979923       /nix/store/4nlgxhb09sdr51nc9hdm8az5b08vzkgx-glibc-2.35-163/lib/libdl.so.2
7f088bd3b000-7f088bd3c000 r--p 00000000 00:9b9 4611686019027979942       /nix/store/4nlgxhb09sdr51nc9hdm8az5b08vzkgx-glibc-2.35-163/lib/libpthread.so.0
7f088bd3c000-7f088bd3d000 r-xp 00001000 00:9b9 4611686019027979942       /nix/store/4nlgxhb09sdr51nc9hdm8az5b08vzkgx-glibc-2.35-163/lib/libpthread.so.0
7f088bd3d000-7f088bd3e000 r--p 00002000 00:9b9 4611686019027979942       /nix/store/4nlgxhb09sdr51nc9hdm8az5b08vzkgx-glibc-2.35-163/lib/libpthread.so.0
7f088bd3e000-7f088bd3f000 r--p 00002000 00:9b9 4611686019027979942       /nix/store/4nlgxhb09sdr51nc9hdm8az5b08vzkgx-glibc-2.35-163/lib/libpthread.so.0
7f088bd3f000-7f088bd40000 rw-p 00003000 00:9b9 4611686019027979942       /nix/store/4nlgxhb09sdr51nc9hdm8az5b08vzkgx-glibc-2.35-163/lib/libpthread.so.0
7f088bd40000-7f088bd4e000 r-xp 00000000 00:9b9 4611686019135190033       /nix/store/gpxl5qgg8kicmcvivwmybwjlpf7wh20l-graalvm17-ce-22.3.0/lib/libjli.so
7f088bd4e000-7f088bd4f000 ---p 0000e000 00:9b9 4611686019135190033       /nix/store/gpxl5qgg8kicmcvivwmybwjlpf7wh20l-graalvm17-ce-22.3.0/lib/libjli.so
7f088bd4f000-7f088bd50000 r--p 0000e000 00:9b9 4611686019135190033       /nix/store/gpxl5qgg8kicmcvivwmybwjlpf7wh20l-graalvm17-ce-22.3.0/lib/libjli.so
7f088bd50000-7f088bd51000 rw-p 0000f000 00:9b9 4611686019135190033       /nix/store/gpxl5qgg8kicmcvivwmybwjlpf7wh20l-graalvm17-ce-22.3.0/lib/libjli.so
7f088bd51000-7f088bd52000 rw-p 00012000 00:9b9 4611686019135190033       /nix/store/gpxl5qgg8kicmcvivwmybwjlpf7wh20l-graalvm17-ce-22.3.0/lib/libjli.so
7f088bd52000-7f088bd55000 r--p 00000000 00:9b9 4611686019106210071       /nix/store/026hln0aq1hyshaxsdvhg0kmcm6yf45r-zlib-1.2.13/lib/libz.so.1.2.13
7f088bd55000-7f088bd67000 r-xp 00003000 00:9b9 4611686019106210071       /nix/store/026hln0aq1hyshaxsdvhg0kmcm6yf45r-zlib-1.2.13/lib/libz.so.1.2.13
7f088bd67000-7f088bd6e000 r--p 00015000 00:9b9 4611686019106210071       /nix/store/026hln0aq1hyshaxsdvhg0kmcm6yf45r-zlib-1.2.13/lib/libz.so.1.2.13
7f088bd6e000-7f088bd6f000 r--p 0001b000 00:9b9 4611686019106210071       /nix/store/026hln0aq1hyshaxsdvhg0kmcm6yf45r-zlib-1.2.13/lib/libz.so.1.2.13
7f088bd6f000-7f088bd70000 rw-p 0001c000 00:9b9 4611686019106210071       /nix/store/026hln0aq1hyshaxsdvhg0kmcm6yf45r-zlib-1.2.13/lib/libz.so.1.2.13
7f088bd70000-7f088bd72000 rw-p 00000000 00:00 0 
7f088bd72000-7f088bd74000 r--p 00000000 00:9b9 4611686019027979912       /nix/store/4nlgxhb09sdr51nc9hdm8az5b08vzkgx-glibc-2.35-163/lib/ld-linux-x86-64.so.2
7f088bd74000-7f088bd9b000 r-xp 00002000 00:9b9 4611686019027979912       /nix/store/4nlgxhb09sdr51nc9hdm8az5b08vzkgx-glibc-2.35-163/lib/ld-linux-x86-64.so.2
7f088bd9b000-7f088bda7000 r--p 00029000 00:9b9 4611686019027979912       /nix/store/4nlgxhb09sdr51nc9hdm8az5b08vzkgx-glibc-2.35-163/lib/ld-linux-x86-64.so.2
7f088bda7000-7f088bda9000 r--p 00034000 00:9b9 4611686019027979912       /nix/store/4nlgxhb09sdr51nc9hdm8az5b08vzkgx-glibc-2.35-163/lib/ld-linux-x86-64.so.2
7f088bda9000-7f088bdab000 rw-p 00036000 00:9b9 4611686019027979912       /nix/store/4nlgxhb09sdr51nc9hdm8az5b08vzkgx-glibc-2.35-163/lib/ld-linux-x86-64.so.2
7ffdee51f000-7ffdee543000 rw-p 00000000 00:00 0                          [stack]
7ffdee5f9000-7ffdee5fd000 r--p 00000000 00:00 0                          [vvar]
7ffdee5fd000-7ffdee5ff000 r-xp 00000000 00:00 0                          [vdso]
ffffffffff600000-ffffffffff601000 --xp 00000000 00:00 0                  [vsyscall]


VM Arguments:
jvm_args: -XX:ThreadPriorityPolicy=1 -XX:+UnlockExperimentalVMOptions -XX:+EnableJVMCIProduct -XX:JVMCIThreadsPerNativeLibraryRuntime=1 -XX:-UnlockExperimentalVMOptions -Declipse.application=org.eclipse.jdt.ls.core.id1 -Dosgi.bundles.defaultStartLevel=4 -Declipse.product=org.eclipse.jdt.ls.core.product -Dlog.level=ALL -Xverify:none -XX:+UseParallelGC -XX:GCTimeRatio=4 -XX:AdaptiveSizePolicyWeight=90 -Dsun.zip.disableMemoryMapping=true -Xmx512m -Xms100m 
java_command: /nix/store/m6gcpi1ii6rghy04cjwjddcavv7i90df-jdt-language-server-1.9.0/share/java/plugins/org.eclipse.equinox.launcher_1.6.400.v20210924-0641.jar --add-modules=ALL-SYSTEM --add-opens java.base/java.util=ALL-UNNAMED --add-opens java.base/java.lang=ALL-UNNAMED -configuration /home/runner/.cache/jdt-language-server/config -data /home/runner/.cache/jdt-language-server/data/home/runner/Funcoes
java_class_path (initial): /nix/store/m6gcpi1ii6rghy04cjwjddcavv7i90df-jdt-language-server-1.9.0/share/java/plugins/org.eclipse.equinox.launcher_1.6.400.v20210924-0641.jar
Launcher Type: SUN_STANDARD

[Global flags]
    uintx AdaptiveSizePolicyWeight                 = 90                                        {product} {command line}
     intx CICompilerCount                          = 2                                         {product} {ergonomic}
     bool EnableJVMCIProduct                       = true                                {JVMCI product} {jimage}
    uintx GCTimeRatio                              = 4                                         {product} {command line}
   size_t InitialHeapSize                          = 104857600                                 {product} {command line}
     uint JVMCIThreadsPerNativeLibraryRuntime      = 1                                   {JVMCI product} {jimage}
   size_t MaxHeapSize                              = 536870912                                 {product} {command line}
   size_t MaxNewSize                               = 178782208                                 {product} {ergonomic}
   size_t MinHeapDeltaBytes                        = 524288                                    {product} {ergonomic}
   size_t MinHeapSize                              = 104857600                                 {product} {command line}
   size_t NewSize                                  = 34603008                                  {product} {ergonomic}
    uintx NonNMethodCodeHeapSize                   = 5826188                                {pd product} {ergonomic}
    uintx NonProfiledCodeHeapSize                  = 122916026                              {pd product} {ergonomic}
   size_t OldSize                                  = 70254592                                  {product} {ergonomic}
    uintx ProfiledCodeHeapSize                     = 122916026                              {pd product} {ergonomic}
    uintx ReservedCodeCacheSize                    = 251658240                              {pd product} {ergonomic}
     bool SegmentedCodeCache                       = true                                      {product} {ergonomic}
   size_t SoftMaxHeapSize                          = 536870912                              {manageable} {ergonomic}
     intx ThreadPriorityPolicy                     = 1                                         {product} {jimage}
     bool UseCompressedClassPointers               = true                           {product lp64_product} {ergonomic}
     bool UseCompressedOops                        = true                           {product lp64_product} {ergonomic}
     bool UseParallelGC                            = true                                      {product} {command line}

Logging:
Log output configuration:
 #0: stdout all=warning uptime,level,tags
 #1: stderr all=off uptime,level,tags

Environment Variables:
JAVA_HOME=/nix/store/gpxl5qgg8kicmcvivwmybwjlpf7wh20l-graalvm17-ce-22.3.0
PATH=/nix/store/1d6ian3r8kdzspw8hacjhl3xkp40g1lj-binutils-wrapper-2.39/bin:/nix/store/dq0xwmsk1g0i2ayg6pb7y87na2knzylh-gcc-wrapper-11.3.0/bin:/nix/store/bap4d0lpcrhpwmpb8ayjcgkmvfj62lnq-bash-interactive-5.1-p16/bin:/nix/store/pr5n59mb4jzmfx6kanwxly0l07p861fg-patchelf-0.15.0/bin:/nix/store/1gf2flfqnpqbr1b4p4qz2f72y42bs56r-gcc-11.3.0/bin:/nix/store/57xv61c5zi8pphjbcwxxjlgc34p61ic9-glibc-2.35-163-bin/bin:/nix/store/a7gvj343m05j2s32xcnwr35v31ynlypr-coreutils-9.1/bin:/nix/store/039g378vc3pc3dvi9dzdlrd0i4q93qwf-binutils-2.39/bin:/nix/store/gpxl5qgg8kicmcvivwmybwjlpf7wh20l-graalvm17-ce-22.3.0/bin:/nix/store/6z9ag3ihc8mq2hzsw48lhbznvzny65nz-apache-maven-3.8.6/bin:/nix/store/m6gcpi1ii6rghy04cjwjddcavv7i90df-jdt-language-server-1.9.0/bin:/nix/store/84xs5alhs01zrbr4ywm05kxbjbp5590l-java-debug/bin:/nix/store/mydc6f4k2z73xlcz7ilif3v2lcaiqvza-findutils-4.9.0/bin:/nix/store/j9p3g8472iijd50vhdprx0nmk2fqn5gv-diffutils-3.8/bin:/nix/store/89zs7rms6x00xfq4dq6m7mjnhkr8a6r4-gnused-4.8/bin:/nix/store/86bp03jkmsl6f92w0yzg4s59g5mhxwmy-gnugrep-3.7/bin:/nix/store/hwcdqw4jrjnd37wxqgsd47hd0j8bnj09-gawk-5.1.1/bin:/nix/store/cfbhw8r8ags41vwqaz47r583d0p4h4a1-gnutar-1.34/bin:/nix/store/p3m1ndl1lapwrlh698bnb5lvvxh67378-gzip-1.12/bin:/nix/store/a8mhcagrsly7c7mpjrpsnaahk4aax056-bzip2-1.0.8-bin/bin:/nix/store/mblgz65m3zv9x548a3d5m96fj2pbwr09-gnumake-4.3/bin:/nix/store/dsd5gz46hdbdk2rfdimqddhq6m8m8fqs-bash-5.1-p16/bin:/nix/store/v7ljksji50mg3w61dykaa3n3y79n6nil-patch-2.7.6/bin:/nix/store/zlcnmqq14jz5x9439jf937mvayyl63da-xz-5.2.7-bin/bin:/nix/store/y6aj732zm9m87c82fpvf103a1xb22blp-file-5.43/bin:/nix/store/sgqd0ajghcv2axfl1lad0b1alyavp0dc-prybar-elisp-0.0.0-67f7a00/bin:/nix/store/p3hsvljpgs68jqwar41lc0jqhjj734lf-prybar-lua-0.0.0-67f7a00/bin:/nix/store/qzxs2gybds3s9kb1vkaflpgm2nwr85fh-prybar-python3-0.0.0-67f7a00/bin:/nix/store/km94z9mxp8w4m8gxxp5mbfpdf3nkfvd8-prybar-sqlite-0.0.0-67f7a00/bin:/nix/store/2pnc7b76asw0z59c4l6h6qy8arwqrii1-prybar-tcl-0.0.0-67f7a00/bin:/nix/store/hpbvrlwd5viqmvcaisb3x0118i913a9n-st
LD_LIBRARY_PATH=/nix/store/a4pff549sk2idnkpzk5nsfps3mdkdnvm-cups-2.4.2-lib/lib:/nix/store/72mqxxhh3cy5yifh92wh2yb8cl2hikyy-cairo-1.16.0/lib:/nix/store/2k366jrbsra97gjfxwvrhvixjfxdach5-glib-2.74.1/lib:/nix/store/2j2znigd8ak37rlwh9khz0ry3clqlw1l-gtk+3-3.24.34/lib:/nix/store/hisqvx32cd57apbpcsnkpx6k3549wql1-libglvnd-1.4.0/lib:/nix/store/p36pgcv991mq5srvg765b78yqpxvk3qs-mesa-21.3.3-drivers/lib:/nix/store/mav4251if1ahjq5vkpwycyyvnmy459c4-pulseaudio-14.2/lib
DISPLAY=:0
LANG=en_US.UTF-8

Signal Handlers:
   SIGSEGV: crash_handler in libjvm.so, mask=11100100010111111101111111111110, flags=SA_RESTART|SA_SIGINFO
    SIGBUS: crash_handler in libjvm.so, mask=11100100010111111101111111111110, flags=SA_RESTART|SA_SIGINFO
    SIGFPE: crash_handler in libjvm.so, mask=11100100010111111101111111111110, flags=SA_RESTART|SA_SIGINFO
   SIGPIPE: IsolateEnterStub_IgnoreSIGPIPEStartupHook_noopSignalHandler_8f19bff2f35b5f630d83b364d6b2339320d4ec70_216e8361c6bc87a8f89f58cc10d3b2fd4415bf87 in libjvmcicompiler.so, mask=00000000000000000000000000000000, flags=SA_RESTART
  *** Handler was modified!
  *** Expected: javaSignalHandler in libjvm.so, mask=11100100110111111111111111111110, flags=SA_RESTART|SA_SIGINFO
   SIGXFSZ: javaSignalHandler in libjvm.so, mask=11100100010111111101111111111110, flags=SA_RESTART|SA_SIGINFO
    SIGILL: crash_handler in libjvm.so, mask=11100100010111111101111111111110, flags=SA_RESTART|SA_SIGINFO
   SIGUSR2: SR_handler in libjvm.so, mask=00000000000000000000000000000000, flags=SA_RESTART|SA_SIGINFO
    SIGHUP: UserHandler in libjvm.so, mask=11100100010111111101111111111110, flags=SA_RESTART|SA_SIGINFO
    SIGINT: UserHandler in libjvm.so, mask=11100100010111111101111111111110, flags=SA_RESTART|SA_SIGINFO
   SIGTERM: UserHandler in libjvm.so, mask=11100100010111111101111111111110, flags=SA_RESTART|SA_SIGINFO
   SIGQUIT: UserHandler in libjvm.so, mask=11100100010111111101111111111110, flags=SA_RESTART|SA_SIGINFO
  *** Handler was modified!
  *** Expected: javaSignalHandler in libjvm.so, mask=11100100110111111111111111111110, flags=SA_RESTART|SA_SIGINFO
   SIGTRAP: crash_handler in libjvm.so, mask=11100100010111111101111111111110, flags=SA_RESTART|SA_SIGINFO


---------------  S Y S T E M  ---------------

OS:
DISTRIB_ID=Ubuntu
DISTRIB_RELEASE=20.04
DISTRIB_CODENAME=focal
DISTRIB_DESCRIPTION="Ubuntu 20.04.2 LTS"
uname: Linux 5.15.0-1029-gcp #36~20.04.1-Ubuntu SMP Tue Jan 24 16:54:15 UTC 2023 x86_64
OS uptime: 0 days 3:49 hours
libc: glibc 2.35 NPTL 2.35 
rlimit (soft/hard): STACK 8192k/infinity , CORE infinity/infinity , NPROC infinity/infinity , NOFILE 5242/5242 , AS infinity/infinity , CPU infinity/infinity , DATA infinity/infinity , FSIZE infinity/infinity , MEMLOCK 64k/64k
load average: 7.75 14.89 14.62

/proc/meminfo:
MemTotal:       65852724 kB
MemFree:        29811880 kB
MemAvailable:   47826768 kB
Buffers:         1744664 kB
Cached:         14968532 kB
SwapCached:            0 kB
Active:          7519472 kB
Inactive:       24694988 kB
Active(anon):      14380 kB
Inactive(anon): 15059036 kB
Active(file):    7505092 kB
Inactive(file):  9635952 kB
Unevictable:       43612 kB
Mlocked:           43612 kB
SwapTotal:             0 kB
SwapFree:              0 kB
Dirty:              2172 kB
Writeback:             0 kB
AnonPages:      14698460 kB
Mapped:          2116720 kB
Shmem:             38484 kB
KReclaimable:    1600444 kB
Slab:            2823112 kB
SReclaimable:    1600444 kB
SUnreclaim:      1222668 kB
KernelStack:      396752 kB
PageTables:       189500 kB
NFS_Unstable:          0 kB
Bounce:                0 kB
WritebackTmp:          0 kB
CommitLimit:    32926360 kB
Committed_AS:   71226488 kB
VmallocTotal:   34359738367 kB
VmallocUsed:      432568 kB
VmallocChunk:          0 kB
Percpu:            55296 kB
HardwareCorrupted:     0 kB
AnonHugePages:    651264 kB
ShmemHugePages:        0 kB
ShmemPmdMapped:        0 kB
FileHugePages:         0 kB
FilePmdMapped:         0 kB
HugePages_Total:       0
HugePages_Free:        0
HugePages_Rsvd:        0
HugePages_Surp:        0
Hugepagesize:       2048 kB
Hugetlb:               0 kB
DirectMap4k:     3955520 kB
DirectMap2M:    41129984 kB
DirectMap1G:    24117248 kB

/sys/kernel/mm/transparent_hugepage/enabled: always [madvise] never
/sys/kernel/mm/transparent_hugepage/defrag (defrag/compaction efforts parameter): always defer defer+madvise [madvise] never

Process Memory:
Virtual Size: 5255256K (peak: 5323580K)
Resident Set Size: 748308K (peak: 786344K) (anon: 551176K, file: 197132K, shmem: 0K)
Swapped out: 0K
C-Heap outstanding allocations: 41698K, retained: 13321K
glibc malloc tunables: (default)

/proc/sys/kernel/threads-max (system-wide limit on the number of threads): 514406
/proc/sys/vm/max_map_count (maximum number of memory map areas a process may have): 65530
/proc/sys/kernel/pid_max (system-wide limit on number of process identifiers): 4194304

container (cgroup) information:
container_type: cgroupv1
cpu_cpuset_cpus: 2-7
cpu_memory_nodes: 0
active_processor_count: 1
cpu_quota: 50000
cpu_period: 100000
cpu_shares: 512
memory_limit_in_bytes: 1048576 k
memory_and_swap_limit_in_bytes: 1048576 k
memory_soft_limit_in_bytes: 524288 k
memory_usage_in_bytes: 586872 k
memory_max_usage_in_bytes: 675548 k
maximum number of tasks: 1000
current number of tasks: 47

KVM virtualization detected
Steal ticks since vm start: 0
Steal ticks percentage since vm start:  0.000

CPU: total 8 (initial active 1) (8 cores per cpu, 2 threads per core) family 23 model 49 stepping 0 microcode 0xffffffff, cx8, cmov, fxsr, ht, mmx, 3dnowpref, sse, sse2, sse3, ssse3, sse4a, sse4.1, sse4.2, popcnt, lzcnt, tsc, tscinvbit, avx, avx2, aes, clmul, bmi1, bmi2, adx, sha, fma, vzeroupper, clflush, clflushopt, hv
CPU Model and flags from /proc/cpuinfo:
model name	: AMD EPYC 7B12
flags		: fpu vme de pse tsc msr pae mce cx8 apic sep mtrr pge mca cmov pat pse36 clflush mmx fxsr sse sse2 ht syscall nx mmxext fxsr_opt pdpe1gb rdtscp lm constant_tsc rep_good nopl nonstop_tsc cpuid extd_apicid tsc_known_freq pni pclmulqdq ssse3 fma cx16 sse4_1 sse4_2 movbe popcnt aes xsave avx f16c rdrand hypervisor lahf_lm cmp_legacy cr8_legacy abm sse4a misalignsse 3dnowprefetch osvw topoext ssbd ibrs ibpb stibp vmmcall fsgsbase tsc_adjust bmi1 avx2 smep bmi2 rdseed adx smap clflushopt clwb sha_ni xsaveopt xsavec xgetbv1 clzero xsaveerptr arat npt nrip_save umip rdpid

Online cpus: 0-7
Offline cpus: 
BIOS frequency limitation: <Not Available>
Frequency switch latency (ns): <Not Available>
Available cpu frequencies: <Not Available>
Current governor: <Not Available>
Core performance/turbo boost: <Not Available>

Memory: 4k page, physical 1048576k(461692k free), swap 0k(0k free)
Page Sizes: 4k

vm_info: OpenJDK 64-Bit Server VM (17.0.5+8-jvmci-22.3-b08) for linux-amd64 JRE (17.0.5+8-jvmci-22.3-b08), built on Oct 19 2022 09:01:27 by "buildslave" with gcc 10.3.0

END.
